0 info it worked if it ends with ok
1 verbose cli [ 'C:\\Program Files (x86)\\nodejs\\\\node.exe',
1 verbose cli   'C:\\Program Files (x86)\\nodejs\\node_modules\\npm\\bin\\npm-cli.js',
1 verbose cli   'install',
1 verbose cli   'livereload@0.3.6' ]
2 info using npm@1.4.21
3 info using node@v0.10.30
4 verbose node symlink C:\Program Files (x86)\nodejs\\node.exe
5 warn package.json uglify-js@2.2.5 'repositories' (plural) Not supported. Please pick one as the 'repository' field
6 verbose readDependencies using package.json deps
7 verbose cache add [ 'livereload@0.3.6', null ]
8 verbose cache add name=undefined spec="livereload@0.3.6" args=["livereload@0.3.6",null]
9 verbose parsed url { protocol: null,
9 verbose parsed url   slashes: null,
9 verbose parsed url   auth: null,
9 verbose parsed url   host: null,
9 verbose parsed url   port: null,
9 verbose parsed url   hostname: null,
9 verbose parsed url   hash: null,
9 verbose parsed url   search: null,
9 verbose parsed url   query: null,
9 verbose parsed url   pathname: 'livereload@0.3.6',
9 verbose parsed url   path: 'livereload@0.3.6',
9 verbose parsed url   href: 'livereload@0.3.6' }
10 verbose cache add name="livereload" spec="0.3.6" args=["livereload","0.3.6"]
11 verbose parsed url { protocol: null,
11 verbose parsed url   slashes: null,
11 verbose parsed url   auth: null,
11 verbose parsed url   host: null,
11 verbose parsed url   port: null,
11 verbose parsed url   hostname: null,
11 verbose parsed url   hash: null,
11 verbose parsed url   search: null,
11 verbose parsed url   query: null,
11 verbose parsed url   pathname: '0.3.6',
11 verbose parsed url   path: '0.3.6',
11 verbose parsed url   href: '0.3.6' }
12 verbose addNamed [ 'livereload', '0.3.6' ]
13 verbose addNamed [ '0.3.6', '0.3.6' ]
14 silly lockFile acd87cd2-livereload-0-3-6 livereload@0.3.6
15 verbose lock livereload@0.3.6 C:\Users\Craig\AppData\Roaming\npm-cache\acd87cd2-livereload-0-3-6.lock
16 verbose request where is /livereload
17 verbose request registry https://registry.npmjs.org/
18 verbose request id c329bf244b4d1164
19 verbose url raw /livereload
20 verbose url resolving [ 'https://registry.npmjs.org/', './livereload' ]
21 verbose url resolved https://registry.npmjs.org/livereload
22 verbose request where is https://registry.npmjs.org/livereload
23 info trying registry request attempt 1 at 14:50:08
24 verbose etag "DKSR5WOKYL83RXNGM0UTXF6VW"
25 http GET https://registry.npmjs.org/livereload
26 http 304 https://registry.npmjs.org/livereload
27 silly registry.get cb [ 304,
27 silly registry.get   { date: 'Thu, 12 Feb 2015 21:50:10 GMT',
27 silly registry.get     server: 'Apache',
27 silly registry.get     via: '1.1 varnish',
27 silly registry.get     'last-modified': 'Thu, 12 Feb 2015 21:50:10 GMT',
27 silly registry.get     'cache-control': 'max-age=60',
27 silly registry.get     etag: '"DKSR5WOKYL83RXNGM0UTXF6VW"',
27 silly registry.get     age: '0',
27 silly registry.get     'x-served-by': 'cache-sjc3135-SJC',
27 silly registry.get     'x-cache': 'HIT',
27 silly registry.get     'x-cache-hits': '1',
27 silly registry.get     'x-timer': 'S1423777810.749133,VS0,VE35',
27 silly registry.get     vary: 'Accept',
27 silly registry.get     'content-length': '0',
27 silly registry.get     'keep-alive': 'timeout=10, max=50',
27 silly registry.get     connection: 'Keep-Alive' } ]
28 verbose etag https://registry.npmjs.org/livereload from cache
29 silly lockFile acd87cd2-livereload-0-3-6 livereload@0.3.6
30 silly lockFile acd87cd2-livereload-0-3-6 livereload@0.3.6
31 silly resolved [ { name: 'livereload',
31 silly resolved     description: 'LiveReload server',
31 silly resolved     version: '0.3.6',
31 silly resolved     contributors: [ [Object] ],
31 silly resolved     licenses: [ [Object] ],
31 silly resolved     repository:
31 silly resolved      { type: 'git',
31 silly resolved        url: 'http://github.com/napcs/node-livereload.git' },
31 silly resolved     bin: { livereload: './bin/livereload.js' },
31 silly resolved     main: './lib/livereload.js',
31 silly resolved     dependencies: { opts: '>= 1.2.0', 'websocket.io': '>= 0.1.0' },
31 silly resolved     devDependencies:
31 silly resolved      { request: '>= 2.9.203',
31 silly resolved        should: '>= 0.6.3',
31 silly resolved        ws: '>= 0.4.20',
31 silly resolved        mocha: '>= 1.0.3',
31 silly resolved        'coffee-script': '>= 1.8.0' },
31 silly resolved     engines: { node: '>=0.4.0' },
31 silly resolved     scripts: { test: 'mocha' },
31 silly resolved     gitHead: 'db0294a81f4e81955fd8d97ff12e6a3d4329a84f',
31 silly resolved     bugs: { url: 'https://github.com/napcs/node-livereload/issues' },
31 silly resolved     homepage: 'https://github.com/napcs/node-livereload',
31 silly resolved     _id: 'livereload@0.3.6',
31 silly resolved     _shasum: '3ee3109d1e1107e58ed576026317b6c883c2a6a1',
31 silly resolved     _from: 'livereload@0.3.6',
31 silly resolved     _npmVersion: '1.4.26',
31 silly resolved     _npmUser: { name: 'bphogan', email: 'brianhogan@napcs.com' },
31 silly resolved     maintainers: [ [Object] ],
31 silly resolved     dist:
31 silly resolved      { shasum: '3ee3109d1e1107e58ed576026317b6c883c2a6a1',
31 silly resolved        tarball: 'http://registry.npmjs.org/livereload/-/livereload-0.3.6.tgz' },
31 silly resolved     directories: {},
31 silly resolved     _resolved: 'https://registry.npmjs.org/livereload/-/livereload-0.3.6.tgz',
31 silly resolved     readme: 'ERROR: No README data found!' } ]
32 info install livereload@0.3.6 into C:\wamp\www\dassian_boilerplate
33 info installOne livereload@0.3.6
34 verbose node_modules\livereload unbuild
35 verbose tar unpack C:\Users\Craig\AppData\Roaming\npm-cache\livereload\0.3.6\package.tgz
36 silly lockFile 9d442cac-lerplate-node-modules-livereload tar://C:\wamp\www\dassian_boilerplate\node_modules\livereload
37 verbose lock tar://C:\wamp\www\dassian_boilerplate\node_modules\livereload C:\Users\Craig\AppData\Roaming\npm-cache\9d442cac-lerplate-node-modules-livereload.lock
38 silly lockFile 03542044-che-livereload-0-3-6-package-tgz tar://C:\Users\Craig\AppData\Roaming\npm-cache\livereload\0.3.6\package.tgz
39 verbose lock tar://C:\Users\Craig\AppData\Roaming\npm-cache\livereload\0.3.6\package.tgz C:\Users\Craig\AppData\Roaming\npm-cache\03542044-che-livereload-0-3-6-package-tgz.lock
40 silly gunzTarPerm modes [ '777', '666' ]
41 silly gunzTarPerm extractEntry package.json
42 silly gunzTarPerm modified mode [ 'package.json', 420, 438 ]
43 silly gunzTarPerm extractEntry .npmignore
44 silly gunzTarPerm modified mode [ '.npmignore', 420, 438 ]
45 silly gunzTarPerm extractEntry README.md
46 silly gunzTarPerm modified mode [ 'README.md', 420, 438 ]
47 silly gunzTarPerm extractEntry LICENSE
48 silly gunzTarPerm modified mode [ 'LICENSE', 420, 438 ]
49 silly gunzTarPerm extractEntry ext/livereload.js
50 silly gunzTarPerm modified mode [ 'ext/livereload.js', 420, 438 ]
51 silly gunzTarPerm extractEntry bin/livereload.js
52 silly gunzTarPerm modified mode [ 'bin/livereload.js', 493, 511 ]
53 silly gunzTarPerm extractEntry lib/command.js
54 silly gunzTarPerm modified mode [ 'lib/command.js', 420, 438 ]
55 silly gunzTarPerm extractEntry lib/livereload.js
56 silly gunzTarPerm modified mode [ 'lib/livereload.js', 420, 438 ]
57 silly gunzTarPerm extractEntry lib/command.coffee
58 silly gunzTarPerm modified mode [ 'lib/command.coffee', 420, 438 ]
59 silly gunzTarPerm extractEntry lib/livereload.coffee
60 silly gunzTarPerm modified mode [ 'lib/livereload.coffee', 493, 511 ]
61 silly gunzTarPerm extractEntry Cakefile
62 silly gunzTarPerm modified mode [ 'Cakefile', 420, 438 ]
63 silly gunzTarPerm extractEntry test/index.test.coffee
64 silly gunzTarPerm modified mode [ 'test/index.test.coffee', 420, 438 ]
65 silly gunzTarPerm extractEntry test/mocha.opts
66 silly gunzTarPerm modified mode [ 'test/mocha.opts', 420, 438 ]
67 silly gunzTarPerm extractEntry test/ssl/localhost.cert
68 silly gunzTarPerm modified mode [ 'test/ssl/localhost.cert', 420, 438 ]
69 silly gunzTarPerm extractEntry test/ssl/localhost.key
70 silly gunzTarPerm modified mode [ 'test/ssl/localhost.key', 420, 438 ]
71 silly lockFile 9d442cac-lerplate-node-modules-livereload tar://C:\wamp\www\dassian_boilerplate\node_modules\livereload
72 silly lockFile 9d442cac-lerplate-node-modules-livereload tar://C:\wamp\www\dassian_boilerplate\node_modules\livereload
73 silly lockFile 03542044-che-livereload-0-3-6-package-tgz tar://C:\Users\Craig\AppData\Roaming\npm-cache\livereload\0.3.6\package.tgz
74 silly lockFile 03542044-che-livereload-0-3-6-package-tgz tar://C:\Users\Craig\AppData\Roaming\npm-cache\livereload\0.3.6\package.tgz
75 info preinstall livereload@0.3.6
76 verbose readDependencies using package.json deps
77 verbose readDependencies using package.json deps
78 verbose cache add [ 'opts@>= 1.2.0', null ]
79 verbose cache add name=undefined spec="opts@>= 1.2.0" args=["opts@>= 1.2.0",null]
80 verbose parsed url { protocol: null,
80 verbose parsed url   slashes: null,
80 verbose parsed url   auth: null,
80 verbose parsed url   host: null,
80 verbose parsed url   port: null,
80 verbose parsed url   hostname: null,
80 verbose parsed url   hash: null,
80 verbose parsed url   search: null,
80 verbose parsed url   query: null,
80 verbose parsed url   pathname: 'opts@%3E=%201.2.0',
80 verbose parsed url   path: 'opts@%3E=%201.2.0',
80 verbose parsed url   href: 'opts@%3E=%201.2.0' }
81 verbose cache add [ 'websocket.io@>= 0.1.0', null ]
82 verbose cache add name=undefined spec="websocket.io@>= 0.1.0" args=["websocket.io@>= 0.1.0",null]
83 verbose parsed url { protocol: null,
83 verbose parsed url   slashes: null,
83 verbose parsed url   auth: null,
83 verbose parsed url   host: null,
83 verbose parsed url   port: null,
83 verbose parsed url   hostname: null,
83 verbose parsed url   hash: null,
83 verbose parsed url   search: null,
83 verbose parsed url   query: null,
83 verbose parsed url   pathname: 'websocket.io@%3E=%200.1.0',
83 verbose parsed url   path: 'websocket.io@%3E=%200.1.0',
83 verbose parsed url   href: 'websocket.io@%3E=%200.1.0' }
84 verbose cache add name="opts" spec=">= 1.2.0" args=["opts",">= 1.2.0"]
85 verbose parsed url { protocol: null,
85 verbose parsed url   slashes: null,
85 verbose parsed url   auth: null,
85 verbose parsed url   host: null,
85 verbose parsed url   port: null,
85 verbose parsed url   hostname: null,
85 verbose parsed url   hash: null,
85 verbose parsed url   search: null,
85 verbose parsed url   query: null,
85 verbose parsed url   pathname: '%3E=%201.2.0',
85 verbose parsed url   path: '%3E=%201.2.0',
85 verbose parsed url   href: '%3E=%201.2.0' }
86 verbose addNamed [ 'opts', '>= 1.2.0' ]
87 verbose addNamed [ null, '>=1.2.0' ]
88 silly lockFile 079e4bc4-opts-1-2-0 opts@>= 1.2.0
89 verbose lock opts@>= 1.2.0 C:\Users\Craig\AppData\Roaming\npm-cache\079e4bc4-opts-1-2-0.lock
90 verbose cache add name="websocket.io" spec=">= 0.1.0" args=["websocket.io",">= 0.1.0"]
91 verbose parsed url { protocol: null,
91 verbose parsed url   slashes: null,
91 verbose parsed url   auth: null,
91 verbose parsed url   host: null,
91 verbose parsed url   port: null,
91 verbose parsed url   hostname: null,
91 verbose parsed url   hash: null,
91 verbose parsed url   search: null,
91 verbose parsed url   query: null,
91 verbose parsed url   pathname: '%3E=%200.1.0',
91 verbose parsed url   path: '%3E=%200.1.0',
91 verbose parsed url   href: '%3E=%200.1.0' }
92 verbose addNamed [ 'websocket.io', '>= 0.1.0' ]
93 verbose addNamed [ null, '>=0.1.0' ]
94 silly lockFile 5ba6702e-websocket-io-0-1-0 websocket.io@>= 0.1.0
95 verbose lock websocket.io@>= 0.1.0 C:\Users\Craig\AppData\Roaming\npm-cache\5ba6702e-websocket-io-0-1-0.lock
96 silly addNameRange { name: 'opts', range: '>=1.2.0', hasData: false }
97 silly addNameRange { name: 'websocket.io', range: '>=0.1.0', hasData: false }
98 verbose request where is /websocket.io
99 verbose request registry https://registry.npmjs.org/
100 verbose url raw /websocket.io
101 verbose url resolving [ 'https://registry.npmjs.org/', './websocket.io' ]
102 verbose url resolved https://registry.npmjs.org/websocket.io
103 verbose request where is https://registry.npmjs.org/websocket.io
104 info trying registry request attempt 1 at 14:50:08
105 verbose etag "53106FD5V5H3P6YW3QHQSPE4T"
106 http GET https://registry.npmjs.org/websocket.io
107 verbose request where is /opts
108 verbose request registry https://registry.npmjs.org/
109 verbose url raw /opts
110 verbose url resolving [ 'https://registry.npmjs.org/', './opts' ]
111 verbose url resolved https://registry.npmjs.org/opts
112 verbose request where is https://registry.npmjs.org/opts
113 info trying registry request attempt 1 at 14:50:08
114 verbose etag "BR1G7I2MPDOUXR9Z2JOHTJP05"
115 http GET https://registry.npmjs.org/opts
116 http 304 https://registry.npmjs.org/opts
117 silly registry.get cb [ 304,
117 silly registry.get   { date: 'Thu, 12 Feb 2015 21:50:11 GMT',
117 silly registry.get     server: 'Apache',
117 silly registry.get     via: '1.1 varnish',
117 silly registry.get     'last-modified': 'Thu, 12 Feb 2015 21:50:11 GMT',
117 silly registry.get     'cache-control': 'max-age=60',
117 silly registry.get     etag: '"BR1G7I2MPDOUXR9Z2JOHTJP05"',
117 silly registry.get     age: '0',
117 silly registry.get     'x-served-by': 'cache-sjc3123-SJC',
117 silly registry.get     'x-cache': 'HIT',
117 silly registry.get     'x-cache-hits': '1',
117 silly registry.get     'x-timer': 'S1423777811.133061,VS0,VE34',
117 silly registry.get     vary: 'Accept',
117 silly registry.get     'content-length': '0',
117 silly registry.get     'keep-alive': 'timeout=10, max=50',
117 silly registry.get     connection: 'Keep-Alive' } ]
118 verbose etag https://registry.npmjs.org/opts from cache
119 silly addNameRange number 2 { name: 'opts', range: '>=1.2.0', hasData: true }
120 silly addNameRange versions [ 'opts', [ '1.2.0', '1.2.1', '1.2.2' ] ]
121 verbose addNamed [ 'opts', '1.2.2' ]
122 verbose addNamed [ '1.2.2', '1.2.2' ]
123 silly lockFile 77573fd5-opts-1-2-2 opts@1.2.2
124 verbose lock opts@1.2.2 C:\Users\Craig\AppData\Roaming\npm-cache\77573fd5-opts-1-2-2.lock
125 silly lockFile 77573fd5-opts-1-2-2 opts@1.2.2
126 silly lockFile 77573fd5-opts-1-2-2 opts@1.2.2
127 silly lockFile 079e4bc4-opts-1-2-0 opts@>= 1.2.0
128 silly lockFile 079e4bc4-opts-1-2-0 opts@>= 1.2.0
129 http 304 https://registry.npmjs.org/websocket.io
130 silly registry.get cb [ 304,
130 silly registry.get   { date: 'Thu, 12 Feb 2015 21:50:11 GMT',
130 silly registry.get     server: 'Apache',
130 silly registry.get     via: '1.1 varnish',
130 silly registry.get     'last-modified': 'Thu, 12 Feb 2015 21:50:11 GMT',
130 silly registry.get     'cache-control': 'max-age=60',
130 silly registry.get     etag: '"53106FD5V5H3P6YW3QHQSPE4T"',
130 silly registry.get     age: '0',
130 silly registry.get     'x-served-by': 'cache-sjc3129-SJC',
130 silly registry.get     'x-cache': 'HIT',
130 silly registry.get     'x-cache-hits': '1',
130 silly registry.get     'x-timer': 'S1423777811.141647,VS0,VE82',
130 silly registry.get     vary: 'Accept',
130 silly registry.get     'content-length': '0',
130 silly registry.get     'keep-alive': 'timeout=10, max=50',
130 silly registry.get     connection: 'Keep-Alive' } ]
131 verbose etag https://registry.npmjs.org/websocket.io from cache
132 silly addNameRange number 2 { name: 'websocket.io', range: '>=0.1.0', hasData: true }
133 silly addNameRange versions [ 'websocket.io',
133 silly addNameRange   [ '0.1.1', '0.1.2', '0.1.4', '0.1.5', '0.1.6', '0.2.0', '0.2.1' ] ]
134 verbose addNamed [ 'websocket.io', '0.2.1' ]
135 verbose addNamed [ '0.2.1', '0.2.1' ]
136 silly lockFile e9bc50d8-websocket-io-0-2-1 websocket.io@0.2.1
137 verbose lock websocket.io@0.2.1 C:\Users\Craig\AppData\Roaming\npm-cache\e9bc50d8-websocket-io-0-2-1.lock
138 silly lockFile e9bc50d8-websocket-io-0-2-1 websocket.io@0.2.1
139 silly lockFile e9bc50d8-websocket-io-0-2-1 websocket.io@0.2.1
140 silly lockFile 5ba6702e-websocket-io-0-1-0 websocket.io@>= 0.1.0
141 silly lockFile 5ba6702e-websocket-io-0-1-0 websocket.io@>= 0.1.0
142 silly resolved [ { name: 'opts',
142 silly resolved     version: '1.2.2',
142 silly resolved     description: 'Command line argument parser written in the style of commonjs. To be used with node.js',
142 silly resolved     author:
142 silly resolved      { name: 'Joey Mazzarelli',
142 silly resolved        email: 'mazzarelli@gmail.com',
142 silly resolved        url: 'http://joey.mazzarelli.com' },
142 silly resolved     main: 'js/opts',
142 silly resolved     engines: { node: '>=0.1.90' },
142 silly resolved     _npmUser: { name: 'mazzarelli', email: 'mazzarelli@gmail.com' },
142 silly resolved     _id: 'opts@1.2.2',
142 silly resolved     dependencies: {},
142 silly resolved     devDependencies: {},
142 silly resolved     optionalDependencies: {},
142 silly resolved     _engineSupported: true,
142 silly resolved     _npmVersion: '1.1.0-2',
142 silly resolved     _nodeVersion: 'v0.6.2',
142 silly resolved     _defaultsLoaded: true,
142 silly resolved     dist:
142 silly resolved      { shasum: '81782b93014a1cd88d56c226643fd4282473853d',
142 silly resolved        tarball: 'http://registry.npmjs.org/opts/-/opts-1.2.2.tgz' },
142 silly resolved     maintainers: [ [Object] ],
142 silly resolved     directories: {},
142 silly resolved     _shasum: '81782b93014a1cd88d56c226643fd4282473853d',
142 silly resolved     _from: 'opts@>= 1.2.0',
142 silly resolved     _resolved: 'https://registry.npmjs.org/opts/-/opts-1.2.2.tgz',
142 silly resolved     readme: 'ERROR: No README data found!' },
142 silly resolved   { name: 'websocket.io',
142 silly resolved     description: 'Socket.IO websocket server',
142 silly resolved     version: '0.2.1',
142 silly resolved     contributors: [ [Object], [Object], [Object], [Object], [Object] ],
142 silly resolved     dependencies: { debug: '*', ws: '0.4.20' },
142 silly resolved     devDependencies: { mocha: '*', should: '*', colors: '*', benchmark: '0.2.2' },
142 silly resolved     main: 'lib/websocket.io',
142 silly resolved     engines: { node: '>=0.4.0' },
142 silly resolved     scripts: { test: 'make test' },
142 silly resolved     _npmUser: { name: 'rauchg', email: 'rauchg@gmail.com' },
142 silly resolved     _id: 'websocket.io@0.2.1',
142 silly resolved     optionalDependencies: {},
142 silly resolved     _engineSupported: true,
142 silly resolved     _npmVersion: '1.1.24',
142 silly resolved     _nodeVersion: 'v0.8.0',
142 silly resolved     _defaultsLoaded: true,
142 silly resolved     dist:
142 silly resolved      { shasum: '79eaf174b91ecfa4fbf14ffe268871c052e47d2a',
142 silly resolved        tarball: 'http://registry.npmjs.org/websocket.io/-/websocket.io-0.2.1.tgz' },
142 silly resolved     maintainers: [ [Object] ],
142 silly resolved     directories: {},
142 silly resolved     _shasum: '79eaf174b91ecfa4fbf14ffe268871c052e47d2a',
142 silly resolved     _from: 'websocket.io@>= 0.1.0',
142 silly resolved     _resolved: 'https://registry.npmjs.org/websocket.io/-/websocket.io-0.2.1.tgz',
142 silly resolved     readme: 'ERROR: No README data found!' } ]
143 info install opts@1.2.2 into C:\wamp\www\dassian_boilerplate\node_modules\livereload
144 info install websocket.io@0.2.1 into C:\wamp\www\dassian_boilerplate\node_modules\livereload
145 info installOne opts@1.2.2
146 info installOne websocket.io@0.2.1
147 verbose node_modules\livereload\node_modules\opts unbuild
148 verbose node_modules\livereload\node_modules\websocket.io unbuild
149 verbose tar unpack C:\Users\Craig\AppData\Roaming\npm-cache\opts\1.2.2\package.tgz
150 silly lockFile 2f8460e2-les-livereload-node-modules-opts tar://C:\wamp\www\dassian_boilerplate\node_modules\livereload\node_modules\opts
151 verbose lock tar://C:\wamp\www\dassian_boilerplate\node_modules\livereload\node_modules\opts C:\Users\Craig\AppData\Roaming\npm-cache\2f8460e2-les-livereload-node-modules-opts.lock
152 silly lockFile 1f05aeeb-npm-cache-opts-1-2-2-package-tgz tar://C:\Users\Craig\AppData\Roaming\npm-cache\opts\1.2.2\package.tgz
153 verbose lock tar://C:\Users\Craig\AppData\Roaming\npm-cache\opts\1.2.2\package.tgz C:\Users\Craig\AppData\Roaming\npm-cache\1f05aeeb-npm-cache-opts-1-2-2-package-tgz.lock
154 verbose tar unpack C:\Users\Craig\AppData\Roaming\npm-cache\websocket.io\0.2.1\package.tgz
155 silly lockFile b14ca26a-reload-node-modules-websocket-io tar://C:\wamp\www\dassian_boilerplate\node_modules\livereload\node_modules\websocket.io
156 verbose lock tar://C:\wamp\www\dassian_boilerplate\node_modules\livereload\node_modules\websocket.io C:\Users\Craig\AppData\Roaming\npm-cache\b14ca26a-reload-node-modules-websocket-io.lock
157 silly lockFile c5a7191a-e-websocket-io-0-2-1-package-tgz tar://C:\Users\Craig\AppData\Roaming\npm-cache\websocket.io\0.2.1\package.tgz
158 verbose lock tar://C:\Users\Craig\AppData\Roaming\npm-cache\websocket.io\0.2.1\package.tgz C:\Users\Craig\AppData\Roaming\npm-cache\c5a7191a-e-websocket-io-0-2-1-package-tgz.lock
159 silly gunzTarPerm modes [ '777', '666' ]
160 silly gunzTarPerm modes [ '777', '666' ]
161 silly gunzTarPerm extractEntry package.json
162 silly gunzTarPerm modified mode [ 'package.json', 420, 438 ]
163 silly gunzTarPerm extractEntry package.json
164 silly gunzTarPerm modified mode [ 'package.json', 420, 438 ]
165 silly gunzTarPerm extractEntry examples/
166 silly gunzTarPerm modified mode [ 'examples/', 493, 511 ]
167 silly gunzTarPerm extractEntry examples/example3.js
168 silly gunzTarPerm modified mode [ 'examples/example3.js', 420, 438 ]
169 silly gunzTarPerm extractEntry .npmignore
170 silly gunzTarPerm modified mode [ '.npmignore', 420, 438 ]
171 silly gunzTarPerm extractEntry README.md
172 silly gunzTarPerm modified mode [ 'README.md', 420, 438 ]
173 silly gunzTarPerm extractEntry examples/example2.js
174 silly gunzTarPerm modified mode [ 'examples/example2.js', 420, 438 ]
175 silly gunzTarPerm extractEntry examples/example4.js
176 silly gunzTarPerm modified mode [ 'examples/example4.js', 420, 438 ]
177 silly gunzTarPerm extractEntry examples/example1.js
178 silly gunzTarPerm modified mode [ 'examples/example1.js', 420, 438 ]
179 silly gunzTarPerm extractEntry index.js
180 silly gunzTarPerm modified mode [ 'index.js', 420, 438 ]
181 silly gunzTarPerm extractEntry .travis.yml
182 silly gunzTarPerm modified mode [ '.travis.yml', 420, 438 ]
183 silly gunzTarPerm extractEntry .hgtags
184 silly gunzTarPerm modified mode [ '.hgtags', 493, 511 ]
185 silly gunzTarPerm extractEntry js/
186 silly gunzTarPerm modified mode [ 'js/', 493, 511 ]
187 silly gunzTarPerm extractEntry examples/echo/server.js
188 silly gunzTarPerm modified mode [ 'examples/echo/server.js', 420, 438 ]
189 silly gunzTarPerm extractEntry History.md
190 silly gunzTarPerm modified mode [ 'History.md', 420, 438 ]
191 silly gunzTarPerm extractEntry js/opts.js
192 silly gunzTarPerm modified mode [ 'js/opts.js', 420, 438 ]
193 silly gunzTarPerm extractEntry .hgignore
194 silly gunzTarPerm modified mode [ '.hgignore', 493, 511 ]
195 silly gunzTarPerm extractEntry LICENSE
196 silly gunzTarPerm modified mode [ 'LICENSE', 420, 438 ]
197 silly gunzTarPerm extractEntry README
198 silly gunzTarPerm modified mode [ 'README', 420, 438 ]
199 silly gunzTarPerm extractEntry lib/server.js
200 silly gunzTarPerm modified mode [ 'lib/server.js', 420, 438 ]
201 silly gunzTarPerm extractEntry lib/socket.js
202 silly gunzTarPerm modified mode [ 'lib/socket.js', 420, 438 ]
203 silly gunzTarPerm extractEntry lib/util.js
204 silly gunzTarPerm modified mode [ 'lib/util.js', 420, 438 ]
205 silly gunzTarPerm extractEntry lib/websocket.io.js
206 silly gunzTarPerm modified mode [ 'lib/websocket.io.js', 420, 438 ]
207 silly gunzTarPerm extractEntry lib/protocols/drafts.js
208 silly gunzTarPerm modified mode [ 'lib/protocols/drafts.js', 420, 438 ]
209 silly gunzTarPerm extractEntry lib/protocols/hybi.js
210 silly gunzTarPerm modified mode [ 'lib/protocols/hybi.js', 420, 438 ]
211 silly gunzTarPerm extractEntry lib/protocols/index.js
212 silly gunzTarPerm modified mode [ 'lib/protocols/index.js', 420, 438 ]
213 silly gunzTarPerm extractEntry Makefile
214 silly gunzTarPerm modified mode [ 'Makefile', 420, 438 ]
215 silly gunzTarPerm extractEntry test/common.js
216 silly gunzTarPerm modified mode [ 'test/common.js', 420, 438 ]
217 silly gunzTarPerm extractEntry test/server.js
218 silly gunzTarPerm modified mode [ 'test/server.js', 420, 438 ]
219 silly gunzTarPerm extractEntry test/websocket.io.js
220 silly gunzTarPerm modified mode [ 'test/websocket.io.js', 420, 438 ]
221 silly lockFile 2f8460e2-les-livereload-node-modules-opts tar://C:\wamp\www\dassian_boilerplate\node_modules\livereload\node_modules\opts
222 silly lockFile 2f8460e2-les-livereload-node-modules-opts tar://C:\wamp\www\dassian_boilerplate\node_modules\livereload\node_modules\opts
223 silly lockFile 1f05aeeb-npm-cache-opts-1-2-2-package-tgz tar://C:\Users\Craig\AppData\Roaming\npm-cache\opts\1.2.2\package.tgz
224 silly lockFile 1f05aeeb-npm-cache-opts-1-2-2-package-tgz tar://C:\Users\Craig\AppData\Roaming\npm-cache\opts\1.2.2\package.tgz
225 info preinstall opts@1.2.2
226 verbose readDependencies using package.json deps
227 verbose readDependencies using package.json deps
228 silly resolved []
229 verbose about to build C:\wamp\www\dassian_boilerplate\node_modules\livereload\node_modules\opts
230 info build C:\wamp\www\dassian_boilerplate\node_modules\livereload\node_modules\opts
231 verbose linkStuff [ false,
231 verbose linkStuff   false,
231 verbose linkStuff   false,
231 verbose linkStuff   'C:\\wamp\\www\\dassian_boilerplate\\node_modules\\livereload\\node_modules' ]
232 info linkStuff opts@1.2.2
233 verbose linkBins opts@1.2.2
234 verbose linkMans opts@1.2.2
235 verbose rebuildBundles opts@1.2.2
236 info install opts@1.2.2
237 info postinstall opts@1.2.2
238 silly lockFile b14ca26a-reload-node-modules-websocket-io tar://C:\wamp\www\dassian_boilerplate\node_modules\livereload\node_modules\websocket.io
239 silly lockFile b14ca26a-reload-node-modules-websocket-io tar://C:\wamp\www\dassian_boilerplate\node_modules\livereload\node_modules\websocket.io
240 silly lockFile c5a7191a-e-websocket-io-0-2-1-package-tgz tar://C:\Users\Craig\AppData\Roaming\npm-cache\websocket.io\0.2.1\package.tgz
241 silly lockFile c5a7191a-e-websocket-io-0-2-1-package-tgz tar://C:\Users\Craig\AppData\Roaming\npm-cache\websocket.io\0.2.1\package.tgz
242 info preinstall websocket.io@0.2.1
243 verbose readDependencies using package.json deps
244 verbose readDependencies using package.json deps
245 verbose cache add [ 'debug@*', null ]
246 verbose cache add name=undefined spec="debug@*" args=["debug@*",null]
247 verbose parsed url { protocol: null,
247 verbose parsed url   slashes: null,
247 verbose parsed url   auth: null,
247 verbose parsed url   host: null,
247 verbose parsed url   port: null,
247 verbose parsed url   hostname: null,
247 verbose parsed url   hash: null,
247 verbose parsed url   search: null,
247 verbose parsed url   query: null,
247 verbose parsed url   pathname: 'debug@*',
247 verbose parsed url   path: 'debug@*',
247 verbose parsed url   href: 'debug@*' }
248 verbose cache add [ 'ws@0.4.20', null ]
249 verbose cache add name=undefined spec="ws@0.4.20" args=["ws@0.4.20",null]
250 verbose parsed url { protocol: null,
250 verbose parsed url   slashes: null,
250 verbose parsed url   auth: null,
250 verbose parsed url   host: null,
250 verbose parsed url   port: null,
250 verbose parsed url   hostname: null,
250 verbose parsed url   hash: null,
250 verbose parsed url   search: null,
250 verbose parsed url   query: null,
250 verbose parsed url   pathname: 'ws@0.4.20',
250 verbose parsed url   path: 'ws@0.4.20',
250 verbose parsed url   href: 'ws@0.4.20' }
251 verbose cache add name="debug" spec="*" args=["debug","*"]
252 verbose parsed url { protocol: null,
252 verbose parsed url   slashes: null,
252 verbose parsed url   auth: null,
252 verbose parsed url   host: null,
252 verbose parsed url   port: null,
252 verbose parsed url   hostname: null,
252 verbose parsed url   hash: null,
252 verbose parsed url   search: null,
252 verbose parsed url   query: null,
252 verbose parsed url   pathname: '*',
252 verbose parsed url   path: '*',
252 verbose parsed url   href: '*' }
253 verbose addNamed [ 'debug', '*' ]
254 verbose addNamed [ null, '*' ]
255 silly lockFile 3ac45eff-debug debug@*
256 verbose lock debug@* C:\Users\Craig\AppData\Roaming\npm-cache\3ac45eff-debug.lock
257 verbose cache add name="ws" spec="0.4.20" args=["ws","0.4.20"]
258 verbose parsed url { protocol: null,
258 verbose parsed url   slashes: null,
258 verbose parsed url   auth: null,
258 verbose parsed url   host: null,
258 verbose parsed url   port: null,
258 verbose parsed url   hostname: null,
258 verbose parsed url   hash: null,
258 verbose parsed url   search: null,
258 verbose parsed url   query: null,
258 verbose parsed url   pathname: '0.4.20',
258 verbose parsed url   path: '0.4.20',
258 verbose parsed url   href: '0.4.20' }
259 verbose addNamed [ 'ws', '0.4.20' ]
260 verbose addNamed [ '0.4.20', '0.4.20' ]
261 silly lockFile c8009c2d-ws-0-4-20 ws@0.4.20
262 verbose lock ws@0.4.20 C:\Users\Craig\AppData\Roaming\npm-cache\c8009c2d-ws-0-4-20.lock
263 silly addNameRange { name: 'debug', range: '*', hasData: false }
264 verbose request where is /ws
265 verbose request registry https://registry.npmjs.org/
266 verbose url raw /ws
267 verbose url resolving [ 'https://registry.npmjs.org/', './ws' ]
268 verbose url resolved https://registry.npmjs.org/ws
269 verbose request where is https://registry.npmjs.org/ws
270 info trying registry request attempt 1 at 14:50:09
271 verbose etag "DYWY2J7IMFTCTTG82C763ALFN"
272 http GET https://registry.npmjs.org/ws
273 verbose request where is /debug
274 verbose request registry https://registry.npmjs.org/
275 verbose url raw /debug
276 verbose url resolving [ 'https://registry.npmjs.org/', './debug' ]
277 verbose url resolved https://registry.npmjs.org/debug
278 verbose request where is https://registry.npmjs.org/debug
279 info trying registry request attempt 1 at 14:50:09
280 verbose etag "3OUBPQ62PQL6618PPQTBTTOHV"
281 http GET https://registry.npmjs.org/debug
282 http 304 https://registry.npmjs.org/debug
283 silly registry.get cb [ 304,
283 silly registry.get   { date: 'Thu, 12 Feb 2015 21:50:11 GMT',
283 silly registry.get     server: 'Apache',
283 silly registry.get     via: '1.1 varnish',
283 silly registry.get     'last-modified': 'Thu, 12 Feb 2015 21:50:07 GMT',
283 silly registry.get     'cache-control': 'max-age=60',
283 silly registry.get     etag: '"3OUBPQ62PQL6618PPQTBTTOHV"',
283 silly registry.get     age: '34',
283 silly registry.get     'x-served-by': 'cache-sjc3120-SJC',
283 silly registry.get     'x-cache': 'HIT',
283 silly registry.get     'x-cache-hits': '2',
283 silly registry.get     'x-timer': 'S1423777811.535242,VS0,VE0',
283 silly registry.get     vary: 'Accept',
283 silly registry.get     'content-length': '0',
283 silly registry.get     'keep-alive': 'timeout=10, max=50',
283 silly registry.get     connection: 'Keep-Alive' } ]
284 verbose etag https://registry.npmjs.org/debug from cache
285 http 304 https://registry.npmjs.org/ws
286 silly registry.get cb [ 304,
286 silly registry.get   { date: 'Thu, 12 Feb 2015 21:50:11 GMT',
286 silly registry.get     server: 'Apache',
286 silly registry.get     via: '1.1 varnish',
286 silly registry.get     'last-modified': 'Thu, 12 Feb 2015 21:50:11 GMT',
286 silly registry.get     'cache-control': 'max-age=60',
286 silly registry.get     etag: '"DYWY2J7IMFTCTTG82C763ALFN"',
286 silly registry.get     age: '5',
286 silly registry.get     'x-served-by': 'cache-sjc3131-SJC',
286 silly registry.get     'x-cache': 'HIT',
286 silly registry.get     'x-cache-hits': '1',
286 silly registry.get     'x-timer': 'S1423777811.541017,VS0,VE0',
286 silly registry.get     vary: 'Accept',
286 silly registry.get     'content-length': '0',
286 silly registry.get     'keep-alive': 'timeout=10, max=50',
286 silly registry.get     connection: 'Keep-Alive' } ]
287 verbose etag https://registry.npmjs.org/ws from cache
288 silly addNameRange number 2 { name: 'debug', range: '*', hasData: true }
289 silly addNameRange versions [ 'debug',
289 silly addNameRange   [ '0.0.1',
289 silly addNameRange     '0.1.0',
289 silly addNameRange     '0.2.0',
289 silly addNameRange     '0.3.0',
289 silly addNameRange     '0.4.0',
289 silly addNameRange     '0.4.1',
289 silly addNameRange     '0.5.0',
289 silly addNameRange     '0.6.0',
289 silly addNameRange     '0.7.0',
289 silly addNameRange     '0.7.1',
289 silly addNameRange     '0.7.2',
289 silly addNameRange     '0.7.3',
289 silly addNameRange     '0.7.4',
289 silly addNameRange     '0.8.0',
289 silly addNameRange     '0.8.1',
289 silly addNameRange     '1.0.0',
289 silly addNameRange     '1.0.1',
289 silly addNameRange     '1.0.2',
289 silly addNameRange     '1.0.3',
289 silly addNameRange     '1.0.4',
289 silly addNameRange     '2.0.0',
289 silly addNameRange     '2.1.0',
289 silly addNameRange     '2.1.1' ] ]
290 verbose addNamed [ 'debug', '2.1.1' ]
291 verbose addNamed [ '2.1.1', '2.1.1' ]
292 silly lockFile 656b33b7-debug-2-1-1 debug@2.1.1
293 verbose lock debug@2.1.1 C:\Users\Craig\AppData\Roaming\npm-cache\656b33b7-debug-2-1-1.lock
294 silly lockFile 656b33b7-debug-2-1-1 debug@2.1.1
295 silly lockFile 656b33b7-debug-2-1-1 debug@2.1.1
296 silly lockFile c8009c2d-ws-0-4-20 ws@0.4.20
297 silly lockFile c8009c2d-ws-0-4-20 ws@0.4.20
298 silly lockFile 3ac45eff-debug debug@*
299 silly lockFile 3ac45eff-debug debug@*
300 silly resolved [ { name: 'debug',
300 silly resolved     version: '2.1.1',
300 silly resolved     repository: { type: 'git', url: 'git://github.com/visionmedia/debug.git' },
300 silly resolved     description: 'small debugging utility',
300 silly resolved     keywords: [ 'debug', 'log', 'debugger' ],
300 silly resolved     author: { name: 'TJ Holowaychuk', email: 'tj@vision-media.ca' },
300 silly resolved     contributors: [ [Object] ],
300 silly resolved     license: 'MIT',
300 silly resolved     dependencies: { ms: '0.6.2' },
300 silly resolved     devDependencies: { browserify: '6.1.0', mocha: '*' },
300 silly resolved     main: './node.js',
300 silly resolved     browser: './browser.js',
300 silly resolved     component: { scripts: [Object] },
300 silly resolved     gitHead: '24cc5c04fc8886fa9afcadea4db439f9a6186ca4',
300 silly resolved     bugs: { url: 'https://github.com/visionmedia/debug/issues' },
300 silly resolved     homepage: 'https://github.com/visionmedia/debug',
300 silly resolved     _id: 'debug@2.1.1',
300 silly resolved     scripts: {},
300 silly resolved     _shasum: 'e0c548cc607adc22b537540dc3639c4236fdf90c',
300 silly resolved     _from: 'debug@*',
300 silly resolved     _npmVersion: '1.4.28',
300 silly resolved     _npmUser: { name: 'tootallnate', email: 'nathan@tootallnate.net' },
300 silly resolved     maintainers: [ [Object], [Object] ],
300 silly resolved     dist:
300 silly resolved      { shasum: 'e0c548cc607adc22b537540dc3639c4236fdf90c',
300 silly resolved        tarball: 'http://registry.npmjs.org/debug/-/debug-2.1.1.tgz' },
300 silly resolved     directories: {},
300 silly resolved     _resolved: 'https://registry.npmjs.org/debug/-/debug-2.1.1.tgz',
300 silly resolved     readme: 'ERROR: No README data found!' },
300 silly resolved   { author:
300 silly resolved      { name: 'Einar Otto Stangvik',
300 silly resolved        email: 'einaros@gmail.com',
300 silly resolved        url: 'http://2x.io' },
300 silly resolved     name: 'ws',
300 silly resolved     description: 'simple to use, blazing fast and thoroughly tested websocket client, server and console for node.js, up-to-date against RFC-6455',
300 silly resolved     version: '0.4.20',
300 silly resolved     repository: { type: 'git', url: 'git://github.com/einaros/ws.git' },
300 silly resolved     bin: { wscat: './bin/wscat' },
300 silly resolved     scripts: { test: 'make test', install: 'node install.js' },
300 silly resolved     engines: { node: '>=0.4.0' },
300 silly resolved     config: { verbose: false },
300 silly resolved     dependencies: { commander: '~0.6.1', tinycolor: '0.x', options: 'latest' },
300 silly resolved     devDependencies:
300 silly resolved      { mocha: '~1.2.1',
300 silly resolved        should: '0.6.x',
300 silly resolved        'expect.js': '0.1.x',
300 silly resolved        benchmark: '0.3.x',
300 silly resolved        ansi: 'latest' },
300 silly resolved     _npmUser: { name: 'einaros', email: 'einaros@gmail.com' },
300 silly resolved     _id: 'ws@0.4.20',
300 silly resolved     optionalDependencies: {},
300 silly resolved     _engineSupported: true,
300 silly resolved     _npmVersion: '1.1.24',
300 silly resolved     _nodeVersion: 'v0.6.19',
300 silly resolved     _defaultsLoaded: true,
300 silly resolved     dist:
300 silly resolved      { shasum: 'f44b63f46b9edfc457309c720bcc0f83f2fc5874',
300 silly resolved        tarball: 'http://registry.npmjs.org/ws/-/ws-0.4.20.tgz' },
300 silly resolved     maintainers: [ [Object] ],
300 silly resolved     directories: {},
300 silly resolved     _shasum: 'f44b63f46b9edfc457309c720bcc0f83f2fc5874',
300 silly resolved     _from: 'ws@0.4.20',
300 silly resolved     _resolved: 'https://registry.npmjs.org/ws/-/ws-0.4.20.tgz',
300 silly resolved     bugs: { url: 'https://github.com/einaros/ws/issues' },
300 silly resolved     readme: 'ERROR: No README data found!',
300 silly resolved     homepage: 'https://github.com/einaros/ws' } ]
301 info install debug@2.1.1 into C:\wamp\www\dassian_boilerplate\node_modules\livereload\node_modules\websocket.io
302 info install ws@0.4.20 into C:\wamp\www\dassian_boilerplate\node_modules\livereload\node_modules\websocket.io
303 info installOne debug@2.1.1
304 info installOne ws@0.4.20
305 verbose node_modules\livereload\node_modules\websocket.io\node_modules\debug unbuild
306 verbose node_modules\livereload\node_modules\websocket.io\node_modules\ws unbuild
307 verbose tar unpack C:\Users\Craig\AppData\Roaming\npm-cache\debug\2.1.1\package.tgz
308 silly lockFile 0b35fa48--websocket-io-node-modules-debug tar://C:\wamp\www\dassian_boilerplate\node_modules\livereload\node_modules\websocket.io\node_modules\debug
309 verbose lock tar://C:\wamp\www\dassian_boilerplate\node_modules\livereload\node_modules\websocket.io\node_modules\debug C:\Users\Craig\AppData\Roaming\npm-cache\0b35fa48--websocket-io-node-modules-debug.lock
310 silly lockFile c05c066f-pm-cache-debug-2-1-1-package-tgz tar://C:\Users\Craig\AppData\Roaming\npm-cache\debug\2.1.1\package.tgz
311 verbose lock tar://C:\Users\Craig\AppData\Roaming\npm-cache\debug\2.1.1\package.tgz C:\Users\Craig\AppData\Roaming\npm-cache\c05c066f-pm-cache-debug-2-1-1-package-tgz.lock
312 verbose tar unpack C:\Users\Craig\AppData\Roaming\npm-cache\ws\0.4.20\package.tgz
313 silly lockFile 45badeec-les-websocket-io-node-modules-ws tar://C:\wamp\www\dassian_boilerplate\node_modules\livereload\node_modules\websocket.io\node_modules\ws
314 verbose lock tar://C:\wamp\www\dassian_boilerplate\node_modules\livereload\node_modules\websocket.io\node_modules\ws C:\Users\Craig\AppData\Roaming\npm-cache\45badeec-les-websocket-io-node-modules-ws.lock
315 silly lockFile a6d22b4e--npm-cache-ws-0-4-20-package-tgz tar://C:\Users\Craig\AppData\Roaming\npm-cache\ws\0.4.20\package.tgz
316 verbose lock tar://C:\Users\Craig\AppData\Roaming\npm-cache\ws\0.4.20\package.tgz C:\Users\Craig\AppData\Roaming\npm-cache\a6d22b4e--npm-cache-ws-0-4-20-package-tgz.lock
317 silly gunzTarPerm modes [ '777', '666' ]
318 silly gunzTarPerm modes [ '777', '666' ]
319 silly gunzTarPerm extractEntry package.json
320 silly gunzTarPerm modified mode [ 'package.json', 420, 438 ]
321 silly gunzTarPerm extractEntry package.json
322 silly gunzTarPerm modified mode [ 'package.json', 420, 438 ]
323 silly gunzTarPerm extractEntry .npmignore
324 silly gunzTarPerm modified mode [ '.npmignore', 420, 438 ]
325 silly gunzTarPerm extractEntry browser.js
326 silly gunzTarPerm modified mode [ 'browser.js', 420, 438 ]
327 silly gunzTarPerm extractEntry .npmignore
328 silly gunzTarPerm modified mode [ '.npmignore', 420, 438 ]
329 silly gunzTarPerm extractEntry README.md
330 silly gunzTarPerm modified mode [ 'README.md', 420, 438 ]
331 silly gunzTarPerm extractEntry install.js
332 silly gunzTarPerm modified mode [ 'install.js', 420, 438 ]
333 silly gunzTarPerm extractEntry index.js
334 silly gunzTarPerm modified mode [ 'index.js', 420, 438 ]
335 silly gunzTarPerm extractEntry debug.js
336 silly gunzTarPerm modified mode [ 'debug.js', 420, 438 ]
337 silly gunzTarPerm extractEntry node.js
338 silly gunzTarPerm modified mode [ 'node.js', 420, 438 ]
339 silly gunzTarPerm extractEntry lib/BufferPool.js
340 silly gunzTarPerm modified mode [ 'lib/BufferPool.js', 420, 438 ]
341 silly gunzTarPerm extractEntry lib/BufferUtil.js
342 silly gunzTarPerm modified mode [ 'lib/BufferUtil.js', 420, 438 ]
343 silly gunzTarPerm extractEntry .jshintrc
344 silly gunzTarPerm modified mode [ '.jshintrc', 420, 438 ]
345 silly gunzTarPerm extractEntry History.md
346 silly gunzTarPerm modified mode [ 'History.md', 420, 438 ]
347 silly gunzTarPerm extractEntry component.json
348 silly gunzTarPerm modified mode [ 'component.json', 420, 438 ]
349 silly gunzTarPerm extractEntry lib/ErrorCodes.js
350 silly gunzTarPerm modified mode [ 'lib/ErrorCodes.js', 420, 438 ]
351 silly gunzTarPerm extractEntry lib/Receiver.hixie.js
352 silly gunzTarPerm modified mode [ 'lib/Receiver.hixie.js', 420, 438 ]
353 silly gunzTarPerm extractEntry lib/Receiver.js
354 silly gunzTarPerm modified mode [ 'lib/Receiver.js', 420, 438 ]
355 silly gunzTarPerm extractEntry lib/BufferUtil.fallback.js
356 silly gunzTarPerm modified mode [ 'lib/BufferUtil.fallback.js', 420, 438 ]
357 silly gunzTarPerm extractEntry lib/Sender.js
358 silly gunzTarPerm modified mode [ 'lib/Sender.js', 420, 438 ]
359 silly gunzTarPerm extractEntry lib/Validation.fallback.js
360 silly gunzTarPerm modified mode [ 'lib/Validation.fallback.js', 420, 438 ]
361 silly gunzTarPerm extractEntry lib/Validation.js
362 silly gunzTarPerm modified mode [ 'lib/Validation.js', 420, 438 ]
363 silly gunzTarPerm extractEntry lib/WebSocket.js
364 silly gunzTarPerm modified mode [ 'lib/WebSocket.js', 420, 438 ]
365 silly gunzTarPerm extractEntry lib/WebSocketServer.js
366 silly gunzTarPerm modified mode [ 'lib/WebSocketServer.js', 420, 438 ]
367 silly gunzTarPerm extractEntry lib/Sender.hixie.js
368 silly gunzTarPerm modified mode [ 'lib/Sender.hixie.js', 420, 438 ]
369 silly gunzTarPerm extractEntry doc/ws.md
370 silly gunzTarPerm modified mode [ 'doc/ws.md', 420, 438 ]
371 silly gunzTarPerm extractEntry History.md
372 silly gunzTarPerm modified mode [ 'History.md', 420, 438 ]
373 silly gunzTarPerm extractEntry .travis.yml
374 silly gunzTarPerm modified mode [ '.travis.yml', 420, 438 ]
375 silly gunzTarPerm extractEntry binding.gyp
376 silly gunzTarPerm modified mode [ 'binding.gyp', 420, 438 ]
377 silly gunzTarPerm extractEntry examples/fileapi/package.json
378 silly gunzTarPerm modified mode [ 'examples/fileapi/package.json', 420, 438 ]
379 silly gunzTarPerm extractEntry examples/fileapi/.npmignore
380 silly gunzTarPerm modified mode [ 'examples/fileapi/.npmignore', 420, 438 ]
381 silly gunzTarPerm extractEntry examples/fileapi/server.js
382 silly gunzTarPerm modified mode [ 'examples/fileapi/server.js', 420, 438 ]
383 silly gunzTarPerm extractEntry examples/fileapi/public/app.js
384 silly gunzTarPerm modified mode [ 'examples/fileapi/public/app.js', 420, 438 ]
385 silly gunzTarPerm extractEntry examples/fileapi/public/uploader.js
386 silly gunzTarPerm modified mode [ 'examples/fileapi/public/uploader.js', 420, 438 ]
387 silly gunzTarPerm extractEntry examples/fileapi/public/index.html
388 silly gunzTarPerm modified mode [ 'examples/fileapi/public/index.html', 420, 438 ]
389 silly gunzTarPerm extractEntry examples/serverstats/package.json
390 silly gunzTarPerm modified mode [ 'examples/serverstats/package.json', 420, 438 ]
391 silly gunzTarPerm extractEntry examples/serverstats/server.js
392 silly gunzTarPerm modified mode [ 'examples/serverstats/server.js', 420, 438 ]
393 silly gunzTarPerm extractEntry examples/serverstats/public/index.html
394 silly gunzTarPerm modified mode [ 'examples/serverstats/public/index.html', 420, 438 ]
395 silly gunzTarPerm extractEntry examples/serverstats-express_3/package.json
396 silly gunzTarPerm modified mode [ 'examples/serverstats-express_3/package.json', 420, 438 ]
397 silly gunzTarPerm extractEntry examples/serverstats-express_3/server.js
398 silly gunzTarPerm modified mode [ 'examples/serverstats-express_3/server.js', 420, 438 ]
399 silly gunzTarPerm extractEntry examples/serverstats-express_3/public/index.html
400 silly gunzTarPerm modified mode [ 'examples/serverstats-express_3/public/index.html', 420, 438 ]
401 silly gunzTarPerm extractEntry Makefile
402 silly gunzTarPerm modified mode [ 'Makefile', 420, 438 ]
403 silly gunzTarPerm extractEntry bin/wscat
404 silly gunzTarPerm modified mode [ 'bin/wscat', 493, 511 ]
405 silly gunzTarPerm extractEntry bench/parser.benchmark.js
406 silly gunzTarPerm modified mode [ 'bench/parser.benchmark.js', 420, 438 ]
407 silly gunzTarPerm extractEntry bench/sender.benchmark.js
408 silly gunzTarPerm modified mode [ 'bench/sender.benchmark.js', 420, 438 ]
409 silly gunzTarPerm extractEntry bench/speed.js
410 silly gunzTarPerm modified mode [ 'bench/speed.js', 420, 438 ]
411 silly gunzTarPerm extractEntry bench/util.js
412 silly gunzTarPerm modified mode [ 'bench/util.js', 420, 438 ]
413 silly gunzTarPerm extractEntry src/bufferutil.cc
414 silly gunzTarPerm modified mode [ 'src/bufferutil.cc', 420, 438 ]
415 silly gunzTarPerm extractEntry src/validation.cc
416 silly gunzTarPerm modified mode [ 'src/validation.cc', 420, 438 ]
417 silly gunzTarPerm extractEntry test/autobahn-server.js
418 silly gunzTarPerm modified mode [ 'test/autobahn-server.js', 420, 438 ]
419 silly gunzTarPerm extractEntry test/WebSocket.test.js
420 silly gunzTarPerm modified mode [ 'test/WebSocket.test.js', 420, 438 ]
421 silly gunzTarPerm extractEntry test/hybi-common.js
422 silly gunzTarPerm modified mode [ 'test/hybi-common.js', 420, 438 ]
423 silly gunzTarPerm extractEntry test/Receiver.hixie.test.js
424 silly gunzTarPerm modified mode [ 'test/Receiver.hixie.test.js', 420, 438 ]
425 silly gunzTarPerm extractEntry test/BufferPool.test.js
426 silly gunzTarPerm modified mode [ 'test/BufferPool.test.js', 420, 438 ]
427 silly gunzTarPerm extractEntry test/autobahn.js
428 silly gunzTarPerm modified mode [ 'test/autobahn.js', 420, 438 ]
429 silly gunzTarPerm extractEntry test/Sender.test.js
430 silly gunzTarPerm modified mode [ 'test/Sender.test.js', 420, 438 ]
431 silly gunzTarPerm extractEntry test/testserver.js
432 silly gunzTarPerm modified mode [ 'test/testserver.js', 420, 438 ]
433 silly gunzTarPerm extractEntry test/Validation.test.js
434 silly gunzTarPerm modified mode [ 'test/Validation.test.js', 420, 438 ]
435 silly gunzTarPerm extractEntry test/WebSocket.integration.js
436 silly gunzTarPerm modified mode [ 'test/WebSocket.integration.js', 420, 438 ]
437 silly gunzTarPerm extractEntry test/Receiver.test.js
438 silly gunzTarPerm modified mode [ 'test/Receiver.test.js', 420, 438 ]
439 silly gunzTarPerm extractEntry test/WebSocketServer.test.js
440 silly gunzTarPerm modified mode [ 'test/WebSocketServer.test.js', 420, 438 ]
441 silly gunzTarPerm extractEntry test/Sender.hixie.test.js
442 silly gunzTarPerm modified mode [ 'test/Sender.hixie.test.js', 420, 438 ]
443 silly gunzTarPerm extractEntry test/fixtures/certificate.pem
444 silly gunzTarPerm modified mode [ 'test/fixtures/certificate.pem', 420, 438 ]
445 silly gunzTarPerm extractEntry test/fixtures/key.pem
446 silly gunzTarPerm modified mode [ 'test/fixtures/key.pem', 420, 438 ]
447 silly gunzTarPerm extractEntry test/fixtures/request.pem
448 silly gunzTarPerm modified mode [ 'test/fixtures/request.pem', 420, 438 ]
449 silly gunzTarPerm extractEntry test/fixtures/textfile
450 silly gunzTarPerm modified mode [ 'test/fixtures/textfile', 420, 438 ]
451 silly gunzTarPerm extractEntry Makefile
452 silly gunzTarPerm modified mode [ 'Makefile', 420, 438 ]
453 silly gunzTarPerm extractEntry Readme.md
454 silly gunzTarPerm modified mode [ 'Readme.md', 420, 438 ]
455 silly gunzTarPerm extractEntry bower.json
456 silly gunzTarPerm modified mode [ 'bower.json', 420, 438 ]
457 silly lockFile 0b35fa48--websocket-io-node-modules-debug tar://C:\wamp\www\dassian_boilerplate\node_modules\livereload\node_modules\websocket.io\node_modules\debug
458 silly lockFile 0b35fa48--websocket-io-node-modules-debug tar://C:\wamp\www\dassian_boilerplate\node_modules\livereload\node_modules\websocket.io\node_modules\debug
459 silly lockFile c05c066f-pm-cache-debug-2-1-1-package-tgz tar://C:\Users\Craig\AppData\Roaming\npm-cache\debug\2.1.1\package.tgz
460 silly lockFile c05c066f-pm-cache-debug-2-1-1-package-tgz tar://C:\Users\Craig\AppData\Roaming\npm-cache\debug\2.1.1\package.tgz
461 info preinstall debug@2.1.1
462 verbose readDependencies using package.json deps
463 verbose readDependencies using package.json deps
464 verbose cache add [ 'ms@0.6.2', null ]
465 verbose cache add name=undefined spec="ms@0.6.2" args=["ms@0.6.2",null]
466 verbose parsed url { protocol: null,
466 verbose parsed url   slashes: null,
466 verbose parsed url   auth: null,
466 verbose parsed url   host: null,
466 verbose parsed url   port: null,
466 verbose parsed url   hostname: null,
466 verbose parsed url   hash: null,
466 verbose parsed url   search: null,
466 verbose parsed url   query: null,
466 verbose parsed url   pathname: 'ms@0.6.2',
466 verbose parsed url   path: 'ms@0.6.2',
466 verbose parsed url   href: 'ms@0.6.2' }
467 verbose cache add name="ms" spec="0.6.2" args=["ms","0.6.2"]
468 verbose parsed url { protocol: null,
468 verbose parsed url   slashes: null,
468 verbose parsed url   auth: null,
468 verbose parsed url   host: null,
468 verbose parsed url   port: null,
468 verbose parsed url   hostname: null,
468 verbose parsed url   hash: null,
468 verbose parsed url   search: null,
468 verbose parsed url   query: null,
468 verbose parsed url   pathname: '0.6.2',
468 verbose parsed url   path: '0.6.2',
468 verbose parsed url   href: '0.6.2' }
469 verbose addNamed [ 'ms', '0.6.2' ]
470 verbose addNamed [ '0.6.2', '0.6.2' ]
471 silly lockFile 549cc243-ms-0-6-2 ms@0.6.2
472 verbose lock ms@0.6.2 C:\Users\Craig\AppData\Roaming\npm-cache\549cc243-ms-0-6-2.lock
473 verbose request where is /ms
474 verbose request registry https://registry.npmjs.org/
475 verbose url raw /ms
476 verbose url resolving [ 'https://registry.npmjs.org/', './ms' ]
477 verbose url resolved https://registry.npmjs.org/ms
478 verbose request where is https://registry.npmjs.org/ms
479 info trying registry request attempt 1 at 14:50:09
480 verbose etag "5X193XKI0OYMRSV5OJQQDBYY6"
481 http GET https://registry.npmjs.org/ms
482 silly lockFile 45badeec-les-websocket-io-node-modules-ws tar://C:\wamp\www\dassian_boilerplate\node_modules\livereload\node_modules\websocket.io\node_modules\ws
483 silly lockFile 45badeec-les-websocket-io-node-modules-ws tar://C:\wamp\www\dassian_boilerplate\node_modules\livereload\node_modules\websocket.io\node_modules\ws
484 silly lockFile a6d22b4e--npm-cache-ws-0-4-20-package-tgz tar://C:\Users\Craig\AppData\Roaming\npm-cache\ws\0.4.20\package.tgz
485 silly lockFile a6d22b4e--npm-cache-ws-0-4-20-package-tgz tar://C:\Users\Craig\AppData\Roaming\npm-cache\ws\0.4.20\package.tgz
486 info preinstall ws@0.4.20
487 verbose readDependencies using package.json deps
488 verbose readDependencies using package.json deps
489 verbose cache add [ 'commander@~0.6.1', null ]
490 verbose cache add name=undefined spec="commander@~0.6.1" args=["commander@~0.6.1",null]
491 verbose parsed url { protocol: null,
491 verbose parsed url   slashes: null,
491 verbose parsed url   auth: null,
491 verbose parsed url   host: null,
491 verbose parsed url   port: null,
491 verbose parsed url   hostname: null,
491 verbose parsed url   hash: null,
491 verbose parsed url   search: null,
491 verbose parsed url   query: null,
491 verbose parsed url   pathname: 'commander@~0.6.1',
491 verbose parsed url   path: 'commander@~0.6.1',
491 verbose parsed url   href: 'commander@~0.6.1' }
492 verbose cache add [ 'tinycolor@0.x', null ]
493 verbose cache add name=undefined spec="tinycolor@0.x" args=["tinycolor@0.x",null]
494 verbose parsed url { protocol: null,
494 verbose parsed url   slashes: null,
494 verbose parsed url   auth: null,
494 verbose parsed url   host: null,
494 verbose parsed url   port: null,
494 verbose parsed url   hostname: null,
494 verbose parsed url   hash: null,
494 verbose parsed url   search: null,
494 verbose parsed url   query: null,
494 verbose parsed url   pathname: 'tinycolor@0.x',
494 verbose parsed url   path: 'tinycolor@0.x',
494 verbose parsed url   href: 'tinycolor@0.x' }
495 verbose cache add [ 'options@latest', null ]
496 verbose cache add name=undefined spec="options@latest" args=["options@latest",null]
497 verbose parsed url { protocol: null,
497 verbose parsed url   slashes: null,
497 verbose parsed url   auth: null,
497 verbose parsed url   host: null,
497 verbose parsed url   port: null,
497 verbose parsed url   hostname: null,
497 verbose parsed url   hash: null,
497 verbose parsed url   search: null,
497 verbose parsed url   query: null,
497 verbose parsed url   pathname: 'options@latest',
497 verbose parsed url   path: 'options@latest',
497 verbose parsed url   href: 'options@latest' }
498 verbose cache add name="commander" spec="~0.6.1" args=["commander","~0.6.1"]
499 verbose parsed url { protocol: null,
499 verbose parsed url   slashes: null,
499 verbose parsed url   auth: null,
499 verbose parsed url   host: null,
499 verbose parsed url   port: null,
499 verbose parsed url   hostname: null,
499 verbose parsed url   hash: null,
499 verbose parsed url   search: null,
499 verbose parsed url   query: null,
499 verbose parsed url   pathname: '~0.6.1',
499 verbose parsed url   path: '~0.6.1',
499 verbose parsed url   href: '~0.6.1' }
500 verbose addNamed [ 'commander', '~0.6.1' ]
501 verbose addNamed [ null, '>=0.6.1-0 <0.7.0-0' ]
502 silly lockFile 5c53196d-commander-0-6-1 commander@~0.6.1
503 verbose lock commander@~0.6.1 C:\Users\Craig\AppData\Roaming\npm-cache\5c53196d-commander-0-6-1.lock
504 verbose cache add name="tinycolor" spec="0.x" args=["tinycolor","0.x"]
505 verbose parsed url { protocol: null,
505 verbose parsed url   slashes: null,
505 verbose parsed url   auth: null,
505 verbose parsed url   host: null,
505 verbose parsed url   port: null,
505 verbose parsed url   hostname: null,
505 verbose parsed url   hash: null,
505 verbose parsed url   search: null,
505 verbose parsed url   query: null,
505 verbose parsed url   pathname: '0.x',
505 verbose parsed url   path: '0.x',
505 verbose parsed url   href: '0.x' }
506 verbose addNamed [ 'tinycolor', '0.x' ]
507 verbose addNamed [ null, '>=0.0.0-0 <1.0.0-0' ]
508 silly lockFile 8f23180d-tinycolor-0-x tinycolor@0.x
509 verbose lock tinycolor@0.x C:\Users\Craig\AppData\Roaming\npm-cache\8f23180d-tinycolor-0-x.lock
510 verbose cache add name="options" spec="latest" args=["options","latest"]
511 verbose parsed url { protocol: null,
511 verbose parsed url   slashes: null,
511 verbose parsed url   auth: null,
511 verbose parsed url   host: null,
511 verbose parsed url   port: null,
511 verbose parsed url   hostname: null,
511 verbose parsed url   hash: null,
511 verbose parsed url   search: null,
511 verbose parsed url   query: null,
511 verbose parsed url   pathname: 'latest',
511 verbose parsed url   path: 'latest',
511 verbose parsed url   href: 'latest' }
512 verbose addNamed [ 'options', 'latest' ]
513 verbose addNamed [ null, null ]
514 silly lockFile 479efb46-options-latest options@latest
515 verbose lock options@latest C:\Users\Craig\AppData\Roaming\npm-cache\479efb46-options-latest.lock
516 silly addNameRange { name: 'commander',
516 silly addNameRange   range: '>=0.6.1-0 <0.7.0-0',
516 silly addNameRange   hasData: false }
517 silly addNameRange { name: 'tinycolor',
517 silly addNameRange   range: '>=0.0.0-0 <1.0.0-0',
517 silly addNameRange   hasData: false }
518 info addNameTag [ 'options', 'latest' ]
519 verbose request where is /commander
520 verbose request registry https://registry.npmjs.org/
521 verbose url raw /commander
522 verbose url resolving [ 'https://registry.npmjs.org/', './commander' ]
523 verbose url resolved https://registry.npmjs.org/commander
524 verbose request where is https://registry.npmjs.org/commander
525 info trying registry request attempt 1 at 14:50:09
526 verbose etag "96Y6E2YBCD2WGYCFMSPQQ0JH0"
527 http GET https://registry.npmjs.org/commander
528 verbose request where is /options
529 verbose request registry https://registry.npmjs.org/
530 verbose url raw /options
531 verbose url resolving [ 'https://registry.npmjs.org/', './options' ]
532 verbose url resolved https://registry.npmjs.org/options
533 verbose request where is https://registry.npmjs.org/options
534 info trying registry request attempt 1 at 14:50:09
535 verbose etag "7Q0ONS9FUL7IDSKPPR7G9Y7BT"
536 http GET https://registry.npmjs.org/options
537 verbose request where is /tinycolor
538 verbose request registry https://registry.npmjs.org/
539 verbose url raw /tinycolor
540 verbose url resolving [ 'https://registry.npmjs.org/', './tinycolor' ]
541 verbose url resolved https://registry.npmjs.org/tinycolor
542 verbose request where is https://registry.npmjs.org/tinycolor
543 info trying registry request attempt 1 at 14:50:09
544 verbose etag "903MQP7IC5RAB065FIJCFKSU5"
545 http GET https://registry.npmjs.org/tinycolor
546 http 304 https://registry.npmjs.org/ms
547 silly registry.get cb [ 304,
547 silly registry.get   { date: 'Thu, 12 Feb 2015 21:50:11 GMT',
547 silly registry.get     server: 'Apache',
547 silly registry.get     via: '1.1 varnish',
547 silly registry.get     'last-modified': 'Thu, 12 Feb 2015 21:50:11 GMT',
547 silly registry.get     'cache-control': 'max-age=60',
547 silly registry.get     etag: '"5X193XKI0OYMRSV5OJQQDBYY6"',
547 silly registry.get     age: '6',
547 silly registry.get     'x-served-by': 'cache-sjc3125-SJC',
547 silly registry.get     'x-cache': 'HIT',
547 silly registry.get     'x-cache-hits': '1',
547 silly registry.get     'x-timer': 'S1423777811.846905,VS0,VE0',
547 silly registry.get     vary: 'Accept',
547 silly registry.get     'content-length': '0',
547 silly registry.get     'keep-alive': 'timeout=10, max=50',
547 silly registry.get     connection: 'Keep-Alive' } ]
548 verbose etag https://registry.npmjs.org/ms from cache
549 silly lockFile 549cc243-ms-0-6-2 ms@0.6.2
550 silly lockFile 549cc243-ms-0-6-2 ms@0.6.2
551 silly resolved [ { name: 'ms',
551 silly resolved     version: '0.6.2',
551 silly resolved     description: 'Tiny ms conversion utility',
551 silly resolved     repository: { type: 'git', url: 'git://github.com/guille/ms.js.git' },
551 silly resolved     main: './index',
551 silly resolved     devDependencies: { mocha: '*', 'expect.js': '*', serve: '*' },
551 silly resolved     component: { scripts: [Object] },
551 silly resolved     bugs: { url: 'https://github.com/guille/ms.js/issues' },
551 silly resolved     _id: 'ms@0.6.2',
551 silly resolved     dist:
551 silly resolved      { shasum: 'd89c2124c6fdc1353d65a8b77bf1aac4b193708c',
551 silly resolved        tarball: 'http://registry.npmjs.org/ms/-/ms-0.6.2.tgz' },
551 silly resolved     _from: 'ms@0.6.2',
551 silly resolved     _npmVersion: '1.2.30',
551 silly resolved     _npmUser: { name: 'rauchg', email: 'rauchg@gmail.com' },
551 silly resolved     maintainers: [ [Object] ],
551 silly resolved     directories: {},
551 silly resolved     _shasum: 'd89c2124c6fdc1353d65a8b77bf1aac4b193708c',
551 silly resolved     _resolved: 'https://registry.npmjs.org/ms/-/ms-0.6.2.tgz',
551 silly resolved     readme: 'ERROR: No README data found!',
551 silly resolved     homepage: 'https://github.com/guille/ms.js' } ]
552 info install ms@0.6.2 into C:\wamp\www\dassian_boilerplate\node_modules\livereload\node_modules\websocket.io\node_modules\debug
553 info installOne ms@0.6.2
554 verbose node_modules\livereload\node_modules\websocket.io\node_modules\debug\node_modules\ms unbuild
555 verbose tar unpack C:\Users\Craig\AppData\Roaming\npm-cache\ms\0.6.2\package.tgz
556 silly lockFile 81f13b06-de-modules-debug-node-modules-ms tar://C:\wamp\www\dassian_boilerplate\node_modules\livereload\node_modules\websocket.io\node_modules\debug\node_modules\ms
557 verbose lock tar://C:\wamp\www\dassian_boilerplate\node_modules\livereload\node_modules\websocket.io\node_modules\debug\node_modules\ms C:\Users\Craig\AppData\Roaming\npm-cache\81f13b06-de-modules-debug-node-modules-ms.lock
558 silly lockFile 25b50fa2-g-npm-cache-ms-0-6-2-package-tgz tar://C:\Users\Craig\AppData\Roaming\npm-cache\ms\0.6.2\package.tgz
559 verbose lock tar://C:\Users\Craig\AppData\Roaming\npm-cache\ms\0.6.2\package.tgz C:\Users\Craig\AppData\Roaming\npm-cache\25b50fa2-g-npm-cache-ms-0-6-2-package-tgz.lock
560 silly gunzTarPerm modes [ '777', '666' ]
561 silly gunzTarPerm extractEntry package.json
562 silly gunzTarPerm modified mode [ 'package.json', 420, 438 ]
563 silly gunzTarPerm extractEntry .npmignore
564 silly gunzTarPerm modified mode [ '.npmignore', 420, 438 ]
565 silly gunzTarPerm extractEntry README.md
566 silly gunzTarPerm modified mode [ 'README.md', 420, 438 ]
567 silly gunzTarPerm extractEntry index.js
568 silly gunzTarPerm modified mode [ 'index.js', 420, 438 ]
569 silly lockFile 81f13b06-de-modules-debug-node-modules-ms tar://C:\wamp\www\dassian_boilerplate\node_modules\livereload\node_modules\websocket.io\node_modules\debug\node_modules\ms
570 silly lockFile 81f13b06-de-modules-debug-node-modules-ms tar://C:\wamp\www\dassian_boilerplate\node_modules\livereload\node_modules\websocket.io\node_modules\debug\node_modules\ms
571 silly lockFile 25b50fa2-g-npm-cache-ms-0-6-2-package-tgz tar://C:\Users\Craig\AppData\Roaming\npm-cache\ms\0.6.2\package.tgz
572 silly lockFile 25b50fa2-g-npm-cache-ms-0-6-2-package-tgz tar://C:\Users\Craig\AppData\Roaming\npm-cache\ms\0.6.2\package.tgz
573 info preinstall ms@0.6.2
574 verbose readDependencies using package.json deps
575 verbose readDependencies using package.json deps
576 silly resolved []
577 verbose about to build C:\wamp\www\dassian_boilerplate\node_modules\livereload\node_modules\websocket.io\node_modules\debug\node_modules\ms
578 info build C:\wamp\www\dassian_boilerplate\node_modules\livereload\node_modules\websocket.io\node_modules\debug\node_modules\ms
579 verbose linkStuff [ false,
579 verbose linkStuff   false,
579 verbose linkStuff   false,
579 verbose linkStuff   'C:\\wamp\\www\\dassian_boilerplate\\node_modules\\livereload\\node_modules\\websocket.io\\node_modules\\debug\\node_modules' ]
580 info linkStuff ms@0.6.2
581 verbose linkBins ms@0.6.2
582 verbose linkMans ms@0.6.2
583 verbose rebuildBundles ms@0.6.2
584 info install ms@0.6.2
585 info postinstall ms@0.6.2
586 verbose about to build C:\wamp\www\dassian_boilerplate\node_modules\livereload\node_modules\websocket.io\node_modules\debug
587 info build C:\wamp\www\dassian_boilerplate\node_modules\livereload\node_modules\websocket.io\node_modules\debug
588 verbose linkStuff [ false,
588 verbose linkStuff   false,
588 verbose linkStuff   false,
588 verbose linkStuff   'C:\\wamp\\www\\dassian_boilerplate\\node_modules\\livereload\\node_modules\\websocket.io\\node_modules' ]
589 info linkStuff debug@2.1.1
590 verbose linkBins debug@2.1.1
591 verbose linkMans debug@2.1.1
592 verbose rebuildBundles debug@2.1.1
593 verbose rebuildBundles [ 'ms' ]
594 info install debug@2.1.1
595 info postinstall debug@2.1.1
596 http 304 https://registry.npmjs.org/commander
597 silly registry.get cb [ 304,
597 silly registry.get   { date: 'Thu, 12 Feb 2015 21:50:11 GMT',
597 silly registry.get     server: 'Apache',
597 silly registry.get     via: '1.1 varnish',
597 silly registry.get     'last-modified': 'Thu, 12 Feb 2015 21:49:56 GMT',
597 silly registry.get     'cache-control': 'max-age=60',
597 silly registry.get     etag: '"96Y6E2YBCD2WGYCFMSPQQ0JH0"',
597 silly registry.get     age: '18',
597 silly registry.get     'x-served-by': 'cache-sjc3134-SJC',
597 silly registry.get     'x-cache': 'HIT',
597 silly registry.get     'x-cache-hits': '2',
597 silly registry.get     'x-timer': 'S1423777811.974671,VS0,VE0',
597 silly registry.get     vary: 'Accept',
597 silly registry.get     'content-length': '0',
597 silly registry.get     'keep-alive': 'timeout=10, max=50',
597 silly registry.get     connection: 'Keep-Alive' } ]
598 verbose etag https://registry.npmjs.org/commander from cache
599 http 304 https://registry.npmjs.org/tinycolor
600 silly registry.get cb [ 304,
600 silly registry.get   { date: 'Thu, 12 Feb 2015 21:50:11 GMT',
600 silly registry.get     server: 'Apache',
600 silly registry.get     via: '1.1 varnish',
600 silly registry.get     'last-modified': 'Thu, 12 Feb 2015 21:50:11 GMT',
600 silly registry.get     'cache-control': 'max-age=60',
600 silly registry.get     etag: '"903MQP7IC5RAB065FIJCFKSU5"',
600 silly registry.get     age: '9',
600 silly registry.get     'x-served-by': 'cache-sjc3121-SJC',
600 silly registry.get     'x-cache': 'HIT',
600 silly registry.get     'x-cache-hits': '1',
600 silly registry.get     'x-timer': 'S1423777811.977914,VS0,VE0',
600 silly registry.get     vary: 'Accept',
600 silly registry.get     'content-length': '0',
600 silly registry.get     'keep-alive': 'timeout=10, max=50',
600 silly registry.get     connection: 'Keep-Alive' } ]
601 verbose etag https://registry.npmjs.org/tinycolor from cache
602 http 304 https://registry.npmjs.org/options
603 silly registry.get cb [ 304,
603 silly registry.get   { date: 'Thu, 12 Feb 2015 21:50:11 GMT',
603 silly registry.get     server: 'Apache',
603 silly registry.get     via: '1.1 varnish',
603 silly registry.get     'last-modified': 'Thu, 12 Feb 2015 21:50:11 GMT',
603 silly registry.get     'cache-control': 'max-age=60',
603 silly registry.get     etag: '"7Q0ONS9FUL7IDSKPPR7G9Y7BT"',
603 silly registry.get     age: '10',
603 silly registry.get     'x-served-by': 'cache-sjc3127-SJC',
603 silly registry.get     'x-cache': 'HIT',
603 silly registry.get     'x-cache-hits': '1',
603 silly registry.get     'x-timer': 'S1423777811.979545,VS0,VE0',
603 silly registry.get     vary: 'Accept',
603 silly registry.get     'content-length': '0',
603 silly registry.get     'keep-alive': 'timeout=10, max=50',
603 silly registry.get     connection: 'Keep-Alive' } ]
604 verbose etag https://registry.npmjs.org/options from cache
605 silly addNameRange number 2 { name: 'commander', range: '>=0.6.1-0 <0.7.0-0', hasData: true }
606 silly addNameRange versions [ 'commander',
606 silly addNameRange   [ '0.0.1',
606 silly addNameRange     '0.0.3',
606 silly addNameRange     '0.0.4',
606 silly addNameRange     '0.0.5',
606 silly addNameRange     '0.1.0',
606 silly addNameRange     '0.2.0',
606 silly addNameRange     '0.2.1',
606 silly addNameRange     '0.3.0',
606 silly addNameRange     '0.3.1',
606 silly addNameRange     '0.3.2',
606 silly addNameRange     '0.3.3',
606 silly addNameRange     '0.4.0',
606 silly addNameRange     '0.4.1',
606 silly addNameRange     '0.4.2',
606 silly addNameRange     '0.4.3',
606 silly addNameRange     '0.5.0',
606 silly addNameRange     '0.5.1',
606 silly addNameRange     '0.6.0',
606 silly addNameRange     '0.6.1',
606 silly addNameRange     '0.5.2',
606 silly addNameRange     '1.0.0',
606 silly addNameRange     '1.0.1',
606 silly addNameRange     '1.0.2',
606 silly addNameRange     '1.0.3',
606 silly addNameRange     '1.0.4',
606 silly addNameRange     '1.0.5',
606 silly addNameRange     '1.1.0',
606 silly addNameRange     '1.1.1',
606 silly addNameRange     '1.2.0',
606 silly addNameRange     '1.3.0',
606 silly addNameRange     '1.3.1',
606 silly addNameRange     '1.3.2',
606 silly addNameRange     '2.0.0',
606 silly addNameRange     '2.1.0',
606 silly addNameRange     '2.2.0',
606 silly addNameRange     '2.3.0',
606 silly addNameRange     '2.4.0',
606 silly addNameRange     '2.5.0',
606 silly addNameRange     '2.5.1',
606 silly addNameRange     '2.6.0' ] ]
607 verbose addNamed [ 'commander', '0.6.1' ]
608 verbose addNamed [ '0.6.1', '0.6.1' ]
609 silly lockFile fa16a2ce-commander-0-6-1 commander@0.6.1
610 verbose lock commander@0.6.1 C:\Users\Craig\AppData\Roaming\npm-cache\fa16a2ce-commander-0-6-1.lock
611 silly addNameRange number 2 { name: 'tinycolor', range: '>=0.0.0-0 <1.0.0-0', hasData: true }
612 silly addNameRange versions [ 'tinycolor', [ '0.0.1' ] ]
613 verbose addNamed [ 'tinycolor', '0.0.1' ]
614 verbose addNamed [ '0.0.1', '0.0.1' ]
615 silly lockFile 8ace0652-tinycolor-0-0-1 tinycolor@0.0.1
616 verbose lock tinycolor@0.0.1 C:\Users\Craig\AppData\Roaming\npm-cache\8ace0652-tinycolor-0-0-1.lock
617 verbose addNamed [ 'options', '0.0.6' ]
618 verbose addNamed [ '0.0.6', '0.0.6' ]
619 silly lockFile d4f5c414-options-0-0-6 options@0.0.6
620 verbose lock options@0.0.6 C:\Users\Craig\AppData\Roaming\npm-cache\d4f5c414-options-0-0-6.lock
621 silly lockFile 8ace0652-tinycolor-0-0-1 tinycolor@0.0.1
622 silly lockFile 8ace0652-tinycolor-0-0-1 tinycolor@0.0.1
623 silly lockFile fa16a2ce-commander-0-6-1 commander@0.6.1
624 silly lockFile fa16a2ce-commander-0-6-1 commander@0.6.1
625 silly lockFile 8f23180d-tinycolor-0-x tinycolor@0.x
626 silly lockFile 8f23180d-tinycolor-0-x tinycolor@0.x
627 silly lockFile 5c53196d-commander-0-6-1 commander@~0.6.1
628 silly lockFile 5c53196d-commander-0-6-1 commander@~0.6.1
629 silly lockFile d4f5c414-options-0-0-6 options@0.0.6
630 silly lockFile d4f5c414-options-0-0-6 options@0.0.6
631 silly lockFile 479efb46-options-latest options@latest
632 silly lockFile 479efb46-options-latest options@latest
633 silly resolved [ { author:
633 silly resolved      { name: 'Einar Otto Stangvik',
633 silly resolved        email: 'einaros@gmail.com',
633 silly resolved        url: 'http://2x.io' },
633 silly resolved     name: 'tinycolor',
633 silly resolved     description: 'a to-the-point color module for node',
633 silly resolved     version: '0.0.1',
633 silly resolved     repository: { type: 'git', url: 'git://github.com/einaros/tinycolor.git' },
633 silly resolved     engines: { node: '>=0.4.0' },
633 silly resolved     dependencies: {},
633 silly resolved     devDependencies: {},
633 silly resolved     main: 'tinycolor',
633 silly resolved     _npmUser: { name: 'einaros', email: 'einaros@gmail.com' },
633 silly resolved     _id: 'tinycolor@0.0.1',
633 silly resolved     _engineSupported: true,
633 silly resolved     _npmVersion: '1.1.0-alpha-6',
633 silly resolved     _nodeVersion: 'v0.6.5',
633 silly resolved     _defaultsLoaded: true,
633 silly resolved     dist:
633 silly resolved      { shasum: '320b5a52d83abb5978d81a3e887d4aefb15a6164',
633 silly resolved        tarball: 'http://registry.npmjs.org/tinycolor/-/tinycolor-0.0.1.tgz' },
633 silly resolved     maintainers: [ [Object] ],
633 silly resolved     directories: {},
633 silly resolved     _shasum: '320b5a52d83abb5978d81a3e887d4aefb15a6164',
633 silly resolved     _from: 'tinycolor@0.x',
633 silly resolved     _resolved: 'https://registry.npmjs.org/tinycolor/-/tinycolor-0.0.1.tgz',
633 silly resolved     bugs: { url: 'https://github.com/einaros/tinycolor/issues' },
633 silly resolved     readme: 'ERROR: No README data found!',
633 silly resolved     homepage: 'https://github.com/einaros/tinycolor' },
633 silly resolved   { name: 'commander',
633 silly resolved     version: '0.6.1',
633 silly resolved     description: 'the complete solution for node.js command-line programs',
633 silly resolved     keywords: [ 'command', 'option', 'parser', 'prompt', 'stdin' ],
633 silly resolved     author: { name: 'TJ Holowaychuk', email: 'tj@vision-media.ca' },
633 silly resolved     repository:
633 silly resolved      { type: 'git',
633 silly resolved        url: 'git://github.com/visionmedia/commander.js.git' },
633 silly resolved     dependencies: {},
633 silly resolved     devDependencies: { should: '>= 0.0.1' },
633 silly resolved     scripts: { test: 'make test' },
633 silly resolved     main: 'index',
633 silly resolved     engines: { node: '>= 0.4.x' },
633 silly resolved     _npmUser: { name: 'tjholowaychuk', email: 'tj@vision-media.ca' },
633 silly resolved     _id: 'commander@0.6.1',
633 silly resolved     optionalDependencies: {},
633 silly resolved     _engineSupported: true,
633 silly resolved     _npmVersion: '1.1.0-3',
633 silly resolved     _nodeVersion: 'v0.6.12',
633 silly resolved     _defaultsLoaded: true,
633 silly resolved     dist:
633 silly resolved      { shasum: 'fa68a14f6a945d54dbbe50d8cdb3320e9e3b1a06',
633 silly resolved        tarball: 'http://registry.npmjs.org/commander/-/commander-0.6.1.tgz' },
633 silly resolved     maintainers: [ [Object] ],
633 silly resolved     directories: {},
633 silly resolved     _shasum: 'fa68a14f6a945d54dbbe50d8cdb3320e9e3b1a06',
633 silly resolved     _from: 'commander@~0.6.1',
633 silly resolved     _resolved: 'https://registry.npmjs.org/commander/-/commander-0.6.1.tgz',
633 silly resolved     bugs: { url: 'https://github.com/visionmedia/commander.js/issues' },
633 silly resolved     readme: 'ERROR: No README data found!',
633 silly resolved     homepage: 'https://github.com/visionmedia/commander.js' },
633 silly resolved   { author:
633 silly resolved      { name: 'Einar Otto Stangvik',
633 silly resolved        email: 'einaros@gmail.com',
633 silly resolved        url: 'http://2x.io' },
633 silly resolved     name: 'options',
633 silly resolved     description: 'A very light-weight in-code option parsers for node.js.',
633 silly resolved     version: '0.0.6',
633 silly resolved     repository: { type: 'git', url: 'git://github.com/einaros/options.js.git' },
633 silly resolved     main: 'lib/options',
633 silly resolved     scripts: { test: 'make test' },
633 silly resolved     engines: { node: '>=0.4.0' },
633 silly resolved     dependencies: {},
633 silly resolved     devDependencies: { mocha: 'latest' },
633 silly resolved     gitHead: 'ff53d0a092c897cb95964232a96fe17da65c11af',
633 silly resolved     bugs: { url: 'https://github.com/einaros/options.js/issues' },
633 silly resolved     homepage: 'https://github.com/einaros/options.js',
633 silly resolved     _id: 'options@0.0.6',
633 silly resolved     _shasum: 'ec22d312806bb53e731773e7cdaefcf1c643128f',
633 silly resolved     _from: 'options@latest',
633 silly resolved     _npmVersion: '1.4.21',
633 silly resolved     _npmUser: { name: 'einaros', email: 'einaros@gmail.com' },
633 silly resolved     maintainers: [ [Object] ],
633 silly resolved     dist:
633 silly resolved      { shasum: 'ec22d312806bb53e731773e7cdaefcf1c643128f',
633 silly resolved        tarball: 'http://registry.npmjs.org/options/-/options-0.0.6.tgz' },
633 silly resolved     directories: {},
633 silly resolved     _resolved: 'https://registry.npmjs.org/options/-/options-0.0.6.tgz',
633 silly resolved     readme: 'ERROR: No README data found!' } ]
634 info install tinycolor@0.0.1 into C:\wamp\www\dassian_boilerplate\node_modules\livereload\node_modules\websocket.io\node_modules\ws
635 info install commander@0.6.1 into C:\wamp\www\dassian_boilerplate\node_modules\livereload\node_modules\websocket.io\node_modules\ws
636 info install options@0.0.6 into C:\wamp\www\dassian_boilerplate\node_modules\livereload\node_modules\websocket.io\node_modules\ws
637 info installOne tinycolor@0.0.1
638 info installOne commander@0.6.1
639 info installOne options@0.0.6
640 verbose node_modules\livereload\node_modules\websocket.io\node_modules\ws\node_modules\tinycolor unbuild
641 verbose node_modules\livereload\node_modules\websocket.io\node_modules\ws\node_modules\commander unbuild
642 verbose node_modules\livereload\node_modules\websocket.io\node_modules\ws\node_modules\options unbuild
643 verbose tar unpack C:\Users\Craig\AppData\Roaming\npm-cache\tinycolor\0.0.1\package.tgz
644 silly lockFile 481ea4cf-odules-ws-node-modules-tinycolor tar://C:\wamp\www\dassian_boilerplate\node_modules\livereload\node_modules\websocket.io\node_modules\ws\node_modules\tinycolor
645 verbose lock tar://C:\wamp\www\dassian_boilerplate\node_modules\livereload\node_modules\websocket.io\node_modules\ws\node_modules\tinycolor C:\Users\Craig\AppData\Roaming\npm-cache\481ea4cf-odules-ws-node-modules-tinycolor.lock
646 silly lockFile 40fdc72a-ache-tinycolor-0-0-1-package-tgz tar://C:\Users\Craig\AppData\Roaming\npm-cache\tinycolor\0.0.1\package.tgz
647 verbose lock tar://C:\Users\Craig\AppData\Roaming\npm-cache\tinycolor\0.0.1\package.tgz C:\Users\Craig\AppData\Roaming\npm-cache\40fdc72a-ache-tinycolor-0-0-1-package-tgz.lock
648 verbose tar unpack C:\Users\Craig\AppData\Roaming\npm-cache\commander\0.6.1\package.tgz
649 silly lockFile 1dd04fc7-odules-ws-node-modules-commander tar://C:\wamp\www\dassian_boilerplate\node_modules\livereload\node_modules\websocket.io\node_modules\ws\node_modules\commander
650 verbose lock tar://C:\wamp\www\dassian_boilerplate\node_modules\livereload\node_modules\websocket.io\node_modules\ws\node_modules\commander C:\Users\Craig\AppData\Roaming\npm-cache\1dd04fc7-odules-ws-node-modules-commander.lock
651 silly lockFile ea0c2bb8-ache-commander-0-6-1-package-tgz tar://C:\Users\Craig\AppData\Roaming\npm-cache\commander\0.6.1\package.tgz
652 verbose lock tar://C:\Users\Craig\AppData\Roaming\npm-cache\commander\0.6.1\package.tgz C:\Users\Craig\AppData\Roaming\npm-cache\ea0c2bb8-ache-commander-0-6-1-package-tgz.lock
653 verbose tar unpack C:\Users\Craig\AppData\Roaming\npm-cache\options\0.0.6\package.tgz
654 silly lockFile 77d1cab2--modules-ws-node-modules-options tar://C:\wamp\www\dassian_boilerplate\node_modules\livereload\node_modules\websocket.io\node_modules\ws\node_modules\options
655 verbose lock tar://C:\wamp\www\dassian_boilerplate\node_modules\livereload\node_modules\websocket.io\node_modules\ws\node_modules\options C:\Users\Craig\AppData\Roaming\npm-cache\77d1cab2--modules-ws-node-modules-options.lock
656 silly lockFile 8778ff67--cache-options-0-0-6-package-tgz tar://C:\Users\Craig\AppData\Roaming\npm-cache\options\0.0.6\package.tgz
657 verbose lock tar://C:\Users\Craig\AppData\Roaming\npm-cache\options\0.0.6\package.tgz C:\Users\Craig\AppData\Roaming\npm-cache\8778ff67--cache-options-0-0-6-package-tgz.lock
658 silly gunzTarPerm modes [ '777', '666' ]
659 silly gunzTarPerm modes [ '777', '666' ]
660 silly gunzTarPerm modes [ '777', '666' ]
661 silly gunzTarPerm extractEntry .gitignore
662 silly gunzTarPerm modified mode [ '.gitignore', 420, 438 ]
663 silly gunzTarPerm extractEntry package.json
664 silly gunzTarPerm modified mode [ 'package.json', 420, 438 ]
665 silly gunzTarPerm extractEntry .npmignore
666 silly gunzTarPerm modified mode [ '.npmignore', 420, 438 ]
667 silly gunzTarPerm extractEntry example.js
668 silly gunzTarPerm modified mode [ 'example.js', 420, 438 ]
669 silly gunzTarPerm extractEntry package.json
670 silly gunzTarPerm modified mode [ 'package.json', 420, 438 ]
671 silly gunzTarPerm extractEntry .travis.yml
672 silly gunzTarPerm modified mode [ '.travis.yml', 420, 438 ]
673 silly gunzTarPerm extractEntry History.md
674 silly gunzTarPerm modified mode [ 'History.md', 420, 438 ]
675 silly gunzTarPerm extractEntry .npmignore
676 silly gunzTarPerm modified mode [ '.npmignore', 420, 438 ]
677 silly gunzTarPerm extractEntry README.md
678 silly gunzTarPerm modified mode [ 'README.md', 420, 438 ]
679 silly gunzTarPerm extractEntry README.md
680 silly gunzTarPerm modified mode [ 'README.md', 420, 438 ]
681 silly gunzTarPerm extractEntry tinycolor.js
682 silly gunzTarPerm modified mode [ 'tinycolor.js', 420, 438 ]
683 silly gunzTarPerm extractEntry index.js
684 silly gunzTarPerm modified mode [ 'index.js', 420, 438 ]
685 silly gunzTarPerm extractEntry lib/
686 silly gunzTarPerm modified mode [ 'lib/', 493, 511 ]
687 silly gunzTarPerm extractEntry Makefile
688 silly gunzTarPerm modified mode [ 'Makefile', 420, 438 ]
689 silly gunzTarPerm extractEntry lib/options.js
690 silly gunzTarPerm modified mode [ 'lib/options.js', 420, 438 ]
691 silly gunzTarPerm extractEntry lib/commander.js
692 silly gunzTarPerm modified mode [ 'lib/commander.js', 420, 438 ]
693 silly gunzTarPerm extractEntry Makefile
694 silly gunzTarPerm modified mode [ 'Makefile', 420, 438 ]
695 silly gunzTarPerm extractEntry package.json
696 silly gunzTarPerm modified mode [ 'package.json', 420, 438 ]
697 silly gunzTarPerm extractEntry Readme.md
698 silly gunzTarPerm modified mode [ 'Readme.md', 420, 438 ]
699 silly lockFile 481ea4cf-odules-ws-node-modules-tinycolor tar://C:\wamp\www\dassian_boilerplate\node_modules\livereload\node_modules\websocket.io\node_modules\ws\node_modules\tinycolor
700 silly lockFile 481ea4cf-odules-ws-node-modules-tinycolor tar://C:\wamp\www\dassian_boilerplate\node_modules\livereload\node_modules\websocket.io\node_modules\ws\node_modules\tinycolor
701 silly lockFile 40fdc72a-ache-tinycolor-0-0-1-package-tgz tar://C:\Users\Craig\AppData\Roaming\npm-cache\tinycolor\0.0.1\package.tgz
702 silly lockFile 40fdc72a-ache-tinycolor-0-0-1-package-tgz tar://C:\Users\Craig\AppData\Roaming\npm-cache\tinycolor\0.0.1\package.tgz
703 silly lockFile 77d1cab2--modules-ws-node-modules-options tar://C:\wamp\www\dassian_boilerplate\node_modules\livereload\node_modules\websocket.io\node_modules\ws\node_modules\options
704 silly lockFile 77d1cab2--modules-ws-node-modules-options tar://C:\wamp\www\dassian_boilerplate\node_modules\livereload\node_modules\websocket.io\node_modules\ws\node_modules\options
705 info preinstall tinycolor@0.0.1
706 silly lockFile 8778ff67--cache-options-0-0-6-package-tgz tar://C:\Users\Craig\AppData\Roaming\npm-cache\options\0.0.6\package.tgz
707 silly lockFile 8778ff67--cache-options-0-0-6-package-tgz tar://C:\Users\Craig\AppData\Roaming\npm-cache\options\0.0.6\package.tgz
708 verbose readDependencies using package.json deps
709 verbose readDependencies using package.json deps
710 silly resolved []
711 verbose about to build C:\wamp\www\dassian_boilerplate\node_modules\livereload\node_modules\websocket.io\node_modules\ws\node_modules\tinycolor
712 info build C:\wamp\www\dassian_boilerplate\node_modules\livereload\node_modules\websocket.io\node_modules\ws\node_modules\tinycolor
713 verbose linkStuff [ false,
713 verbose linkStuff   false,
713 verbose linkStuff   false,
713 verbose linkStuff   'C:\\wamp\\www\\dassian_boilerplate\\node_modules\\livereload\\node_modules\\websocket.io\\node_modules\\ws\\node_modules' ]
714 info linkStuff tinycolor@0.0.1
715 verbose linkBins tinycolor@0.0.1
716 verbose linkMans tinycolor@0.0.1
717 verbose rebuildBundles tinycolor@0.0.1
718 info install tinycolor@0.0.1
719 info preinstall options@0.0.6
720 info postinstall tinycolor@0.0.1
721 verbose readDependencies using package.json deps
722 verbose readDependencies using package.json deps
723 silly resolved []
724 verbose about to build C:\wamp\www\dassian_boilerplate\node_modules\livereload\node_modules\websocket.io\node_modules\ws\node_modules\options
725 info build C:\wamp\www\dassian_boilerplate\node_modules\livereload\node_modules\websocket.io\node_modules\ws\node_modules\options
726 verbose linkStuff [ false,
726 verbose linkStuff   false,
726 verbose linkStuff   false,
726 verbose linkStuff   'C:\\wamp\\www\\dassian_boilerplate\\node_modules\\livereload\\node_modules\\websocket.io\\node_modules\\ws\\node_modules' ]
727 info linkStuff options@0.0.6
728 verbose linkBins options@0.0.6
729 verbose linkMans options@0.0.6
730 verbose rebuildBundles options@0.0.6
731 info install options@0.0.6
732 info postinstall options@0.0.6
733 silly lockFile 1dd04fc7-odules-ws-node-modules-commander tar://C:\wamp\www\dassian_boilerplate\node_modules\livereload\node_modules\websocket.io\node_modules\ws\node_modules\commander
734 silly lockFile 1dd04fc7-odules-ws-node-modules-commander tar://C:\wamp\www\dassian_boilerplate\node_modules\livereload\node_modules\websocket.io\node_modules\ws\node_modules\commander
735 silly lockFile ea0c2bb8-ache-commander-0-6-1-package-tgz tar://C:\Users\Craig\AppData\Roaming\npm-cache\commander\0.6.1\package.tgz
736 silly lockFile ea0c2bb8-ache-commander-0-6-1-package-tgz tar://C:\Users\Craig\AppData\Roaming\npm-cache\commander\0.6.1\package.tgz
737 info preinstall commander@0.6.1
738 verbose readDependencies using package.json deps
739 verbose readDependencies using package.json deps
740 silly resolved []
741 verbose about to build C:\wamp\www\dassian_boilerplate\node_modules\livereload\node_modules\websocket.io\node_modules\ws\node_modules\commander
742 info build C:\wamp\www\dassian_boilerplate\node_modules\livereload\node_modules\websocket.io\node_modules\ws\node_modules\commander
743 verbose linkStuff [ false,
743 verbose linkStuff   false,
743 verbose linkStuff   false,
743 verbose linkStuff   'C:\\wamp\\www\\dassian_boilerplate\\node_modules\\livereload\\node_modules\\websocket.io\\node_modules\\ws\\node_modules' ]
744 info linkStuff commander@0.6.1
745 verbose linkBins commander@0.6.1
746 verbose linkMans commander@0.6.1
747 verbose rebuildBundles commander@0.6.1
748 info install commander@0.6.1
749 info postinstall commander@0.6.1
750 verbose about to build C:\wamp\www\dassian_boilerplate\node_modules\livereload\node_modules\websocket.io\node_modules\ws
751 info build C:\wamp\www\dassian_boilerplate\node_modules\livereload\node_modules\websocket.io\node_modules\ws
752 verbose linkStuff [ false,
752 verbose linkStuff   false,
752 verbose linkStuff   false,
752 verbose linkStuff   'C:\\wamp\\www\\dassian_boilerplate\\node_modules\\livereload\\node_modules\\websocket.io\\node_modules' ]
753 info linkStuff ws@0.4.20
754 verbose linkBins ws@0.4.20
755 verbose link bins [ { wscat: './bin/wscat' },
755 verbose link bins   'C:\\wamp\\www\\dassian_boilerplate\\node_modules\\livereload\\node_modules\\websocket.io\\node_modules\\.bin',
755 verbose link bins   false ]
756 verbose linkMans ws@0.4.20
757 verbose rebuildBundles ws@0.4.20
758 verbose rebuildBundles [ 'commander', 'options', 'tinycolor' ]
759 info install ws@0.4.20
760 verbose unsafe-perm in lifecycle true
761 error Error: spawn ENOENT
761 error     at errnoException (child_process.js:1001:11)
761 error     at Process.ChildProcess._handle.onexit (child_process.js:792:34)
762 error If you need help, you may report this *entire* log,
762 error including the npm and node versions, at:
762 error     <http://github.com/npm/npm/issues>
763 error System Windows_NT 6.1.7601
764 error command "C:\\Program Files (x86)\\nodejs\\\\node.exe" "C:\\Program Files (x86)\\nodejs\\node_modules\\npm\\bin\\npm-cli.js" "install" "livereload@0.3.6"
765 error cwd C:\wamp\www\dassian_boilerplate
766 error node -v v0.10.30
767 error npm -v 1.4.21
768 error syscall spawn
769 error code ENOENT
770 error errno ENOENT
771 verbose exit [ 1, true ]
